{"C:\\Users\\User\\Documents\\CodeClimate\\TEAM6-DENSY\\server\\src\\Controllers\\defect-controller.ts": {"path":"C:\\Users\\User\\Documents\\CodeClimate\\TEAM6-DENSY\\server\\src\\Controllers\\defect-controller.ts","statementMap":{"0":{"start":{"line":17,"column":0},"end":{"line":17,"column":7}},"1":{"start":{"line":199,"column":0},"end":{"line":199,"column":7}},"2":{"start":{"line":283,"column":0},"end":{"line":283,"column":7}},"3":{"start":{"line":503,"column":0},"end":{"line":503,"column":7}},"4":{"start":{"line":753,"column":0},"end":{"line":753,"column":7}},"5":{"start":{"line":840,"column":0},"end":{"line":840,"column":7}},"6":{"start":{"line":1017,"column":0},"end":{"line":1017,"column":7}},"7":{"start":{"line":1,"column":0},"end":{"line":1,"column":40}},"8":{"start":{"line":3,"column":0},"end":{"line":3,"column":69}},"9":{"start":{"line":4,"column":0},"end":{"line":4,"column":74}},"10":{"start":{"line":5,"column":0},"end":{"line":5,"column":20}},"11":{"start":{"line":6,"column":0},"end":{"line":6,"column":24}},"12":{"start":{"line":18,"column":2},"end":{"line":189,"column":3}},"13":{"start":{"line":19,"column":20},"end":{"line":19,"column":43}},"14":{"start":{"line":27,"column":8},"end":{"line":27,"column":16}},"15":{"start":{"line":28,"column":23},"end":{"line":28,"column":57}},"16":{"start":{"line":30,"column":24},"end":{"line":43,"column":6}},"17":{"start":{"line":45,"column":4},"end":{"line":53,"column":5}},"18":{"start":{"line":46,"column":6},"end":{"line":51,"column":11}},"19":{"start":{"line":52,"column":6},"end":{"line":52,"column":13}},"20":{"start":{"line":55,"column":22},"end":{"line":65,"column":6}},"21":{"start":{"line":67,"column":25},"end":{"line":91,"column":5}},"22":{"start":{"line":68,"column":6},"end":{"line":90,"column":7}},"23":{"start":{"line":69,"column":23},"end":{"line":73,"column":10}},"24":{"start":{"line":75,"column":8},"end":{"line":78,"column":9}},"25":{"start":{"line":76,"column":10},"end":{"line":76,"column":51}},"26":{"start":{"line":77,"column":10},"end":{"line":77,"column":17}},"27":{"start":{"line":80,"column":30},"end":{"line":85,"column":10}},"28":{"start":{"line":87,"column":8},"end":{"line":87,"column":29}},"29":{"start":{"line":89,"column":8},"end":{"line":89,"column":62}},"30":{"start":{"line":92,"column":4},"end":{"line":92,"column":33}},"31":{"start":{"line":93,"column":4},"end":{"line":114,"column":5}},"32":{"start":{"line":94,"column":6},"end":{"line":111,"column":7}},"33":{"start":{"line":95,"column":26},"end":{"line":95,"column":44}},"34":{"start":{"line":96,"column":22},"end":{"line":101,"column":10}},"35":{"start":{"line":103,"column":8},"end":{"line":110,"column":9}},"36":{"start":{"line":104,"column":10},"end":{"line":109,"column":13}},"37":{"start":{"line":113,"column":6},"end":{"line":113,"column":70}},"38":{"start":{"line":115,"column":20},"end":{"line":115,"column":35}},"39":{"start":{"line":116,"column":23},"end":{"line":116,"column":49}},"40":{"start":{"line":118,"column":4},"end":{"line":123,"column":7}},"41":{"start":{"line":125,"column":17},"end":{"line":184,"column":6}},"42":{"start":{"line":186,"column":4},"end":{"line":186,"column":33}},"43":{"start":{"line":188,"column":4},"end":{"line":188,"column":null}},"44":{"start":{"line":200,"column":2},"end":{"line":274,"column":3}},"45":{"start":{"line":201,"column":19},"end":{"line":201,"column":29}},"46":{"start":{"line":203,"column":19},"end":{"line":260,"column":6}},"47":{"start":{"line":262,"column":4},"end":{"line":265,"column":5}},"48":{"start":{"line":263,"column":6},"end":{"line":263,"column":60}},"49":{"start":{"line":264,"column":6},"end":{"line":264,"column":13}},"50":{"start":{"line":267,"column":17},"end":{"line":267,"column":23}},"51":{"start":{"line":269,"column":4},"end":{"line":269,"column":33}},"52":{"start":{"line":270,"column":4},"end":{"line":270,"column":11}},"53":{"start":{"line":272,"column":4},"end":{"line":272,"column":null}},"54":{"start":{"line":273,"column":4},"end":{"line":273,"column":11}},"55":{"start":{"line":284,"column":2},"end":{"line":484,"column":3}},"56":{"start":{"line":285,"column":20},"end":{"line":285,"column":43}},"57":{"start":{"line":286,"column":57},"end":{"line":286,"column":66}},"58":{"start":{"line":288,"column":33},"end":{"line":298,"column":6}},"59":{"start":{"line":300,"column":33},"end":{"line":300,"column":35}},"60":{"start":{"line":303,"column":4},"end":{"line":307,"column":5}},"61":{"start":{"line":304,"column":6},"end":{"line":306,"column":8}},"62":{"start":{"line":310,"column":4},"end":{"line":315,"column":5}},"63":{"start":{"line":311,"column":25},"end":{"line":311,"column":51}},"64":{"start":{"line":312,"column":31},"end":{"line":312,"column":66}},"65":{"start":{"line":312,"column":53},"end":{"line":312,"column":64}},"66":{"start":{"line":314,"column":6},"end":{"line":314,"column":51}},"67":{"start":{"line":318,"column":4},"end":{"line":332,"column":5}},"68":{"start":{"line":319,"column":20},"end":{"line":319,"column":49}},"69":{"start":{"line":320,"column":18},"end":{"line":320,"column":45}},"70":{"start":{"line":322,"column":6},"end":{"line":331,"column":7}},"71":{"start":{"line":323,"column":8},"end":{"line":328,"column":11}},"72":{"start":{"line":330,"column":8},"end":{"line":330,"column":65}},"73":{"start":{"line":335,"column":4},"end":{"line":413,"column":5}},"74":{"start":{"line":336,"column":23},"end":{"line":336,"column":53}},"75":{"start":{"line":339,"column":28},"end":{"line":339,"column":48}},"76":{"start":{"line":342,"column":8},"end":{"line":352,"column":9}},"77":{"start":{"line":343,"column":10},"end":{"line":343,"column":39}},"78":{"start":{"line":344,"column":15},"end":{"line":352,"column":9}},"79":{"start":{"line":345,"column":10},"end":{"line":345,"column":42}},"80":{"start":{"line":346,"column":15},"end":{"line":352,"column":9}},"81":{"start":{"line":347,"column":10},"end":{"line":347,"column":49}},"82":{"start":{"line":348,"column":15},"end":{"line":352,"column":9}},"83":{"start":{"line":349,"column":10},"end":{"line":349,"column":39}},"84":{"start":{"line":350,"column":15},"end":{"line":352,"column":9}},"85":{"start":{"line":351,"column":10},"end":{"line":351,"column":40}},"86":{"start":{"line":354,"column":8},"end":{"line":354,"column":20}},"87":{"start":{"line":358,"column":28},"end":{"line":358,"column":48}},"88":{"start":{"line":361,"column":8},"end":{"line":367,"column":9}},"89":{"start":{"line":362,"column":10},"end":{"line":362,"column":33}},"90":{"start":{"line":363,"column":15},"end":{"line":367,"column":9}},"91":{"start":{"line":364,"column":10},"end":{"line":364,"column":38}},"92":{"start":{"line":365,"column":15},"end":{"line":367,"column":9}},"93":{"start":{"line":366,"column":10},"end":{"line":366,"column":38}},"94":{"start":{"line":370,"column":8},"end":{"line":370,"column":20}},"95":{"start":{"line":373,"column":27},"end":{"line":373,"column":62}},"96":{"start":{"line":374,"column":26},"end":{"line":374,"column":59}},"97":{"start":{"line":376,"column":27},"end":{"line":376,"column":29}},"98":{"start":{"line":378,"column":6},"end":{"line":380,"column":7}},"99":{"start":{"line":379,"column":8},"end":{"line":379,"column":44}},"100":{"start":{"line":383,"column":6},"end":{"line":385,"column":7}},"101":{"start":{"line":384,"column":8},"end":{"line":384,"column":68}},"102":{"start":{"line":388,"column":6},"end":{"line":390,"column":7}},"103":{"start":{"line":389,"column":8},"end":{"line":389,"column":61}},"104":{"start":{"line":393,"column":6},"end":{"line":397,"column":9}},"105":{"start":{"line":399,"column":6},"end":{"line":407,"column":9}},"106":{"start":{"line":410,"column":6},"end":{"line":412,"column":7}},"107":{"start":{"line":411,"column":8},"end":{"line":411,"column":49}},"108":{"start":{"line":416,"column":4},"end":{"line":418,"column":5}},"109":{"start":{"line":417,"column":6},"end":{"line":417,"column":42}},"110":{"start":{"line":420,"column":20},"end":{"line":476,"column":6}},"111":{"start":{"line":478,"column":17},"end":{"line":478,"column":24}},"112":{"start":{"line":479,"column":4},"end":{"line":479,"column":33}},"113":{"start":{"line":480,"column":4},"end":{"line":480,"column":11}},"114":{"start":{"line":482,"column":4},"end":{"line":482,"column":null}},"115":{"start":{"line":483,"column":4},"end":{"line":483,"column":11}},"116":{"start":{"line":488,"column":21},"end":{"line":488,"column":34}},"117":{"start":{"line":489,"column":2},"end":{"line":489,"column":42}},"118":{"start":{"line":492,"column":20},"end":{"line":492,"column":36}},"119":{"start":{"line":504,"column":2},"end":{"line":743,"column":3}},"120":{"start":{"line":505,"column":19},"end":{"line":505,"column":29}},"121":{"start":{"line":515,"column":8},"end":{"line":515,"column":16}},"122":{"start":{"line":516,"column":26},"end":{"line":516,"column":60}},"123":{"start":{"line":518,"column":19},"end":{"line":520,"column":6}},"124":{"start":{"line":521,"column":4},"end":{"line":524,"column":5}},"125":{"start":{"line":522,"column":6},"end":{"line":522,"column":60}},"126":{"start":{"line":523,"column":6},"end":{"line":523,"column":13}},"127":{"start":{"line":526,"column":4},"end":{"line":610,"column":5}},"128":{"start":{"line":527,"column":35},"end":{"line":530,"column":8}},"129":{"start":{"line":532,"column":39},"end":{"line":537,"column":8}},"130":{"start":{"line":534,"column":52},"end":{"line":534,"column":63}},"131":{"start":{"line":539,"column":6},"end":{"line":561,"column":7}},"132":{"start":{"line":540,"column":33},"end":{"line":540,"column":79}},"133":{"start":{"line":540,"column":67},"end":{"line":540,"column":78}},"134":{"start":{"line":542,"column":31},"end":{"line":545,"column":10}},"135":{"start":{"line":547,"column":8},"end":{"line":554,"column":9}},"136":{"start":{"line":548,"column":27},"end":{"line":548,"column":61}},"137":{"start":{"line":549,"column":10},"end":{"line":553,"column":11}},"138":{"start":{"line":550,"column":12},"end":{"line":550,"column":36}},"139":{"start":{"line":552,"column":12},"end":{"line":552,"column":72}},"140":{"start":{"line":555,"column":8},"end":{"line":557,"column":11}},"141":{"start":{"line":558,"column":8},"end":{"line":560,"column":11}},"142":{"start":{"line":563,"column":6},"end":{"line":594,"column":7}},"143":{"start":{"line":565,"column":33},"end":{"line":567,"column":33}},"144":{"start":{"line":566,"column":27},"end":{"line":566,"column":73}},"145":{"start":{"line":567,"column":24},"end":{"line":567,"column":32}},"146":{"start":{"line":569,"column":31},"end":{"line":572,"column":10}},"147":{"start":{"line":574,"column":8},"end":{"line":581,"column":9}},"148":{"start":{"line":575,"column":27},"end":{"line":575,"column":61}},"149":{"start":{"line":576,"column":10},"end":{"line":580,"column":11}},"150":{"start":{"line":577,"column":12},"end":{"line":577,"column":36}},"151":{"start":{"line":579,"column":12},"end":{"line":579,"column":72}},"152":{"start":{"line":584,"column":8},"end":{"line":589,"column":11}},"153":{"start":{"line":591,"column":8},"end":{"line":593,"column":11}},"154":{"start":{"line":596,"column":6},"end":{"line":609,"column":7}},"155":{"start":{"line":597,"column":22},"end":{"line":602,"column":10}},"156":{"start":{"line":603,"column":8},"end":{"line":608,"column":11}},"157":{"start":{"line":612,"column":28},"end":{"line":612,"column":30}},"158":{"start":{"line":614,"column":4},"end":{"line":614,"column":51}},"159":{"start":{"line":614,"column":28},"end":{"line":614,"column":51}},"160":{"start":{"line":615,"column":4},"end":{"line":615,"column":72}},"161":{"start":{"line":615,"column":35},"end":{"line":615,"column":72}},"162":{"start":{"line":616,"column":4},"end":{"line":616,"column":51}},"163":{"start":{"line":616,"column":28},"end":{"line":616,"column":51}},"164":{"start":{"line":617,"column":4},"end":{"line":617,"column":57}},"165":{"start":{"line":617,"column":30},"end":{"line":617,"column":57}},"166":{"start":{"line":619,"column":4},"end":{"line":621,"column":5}},"167":{"start":{"line":620,"column":6},"end":{"line":620,"column":72}},"168":{"start":{"line":623,"column":4},"end":{"line":625,"column":5}},"169":{"start":{"line":624,"column":6},"end":{"line":624,"column":82}},"170":{"start":{"line":628,"column":4},"end":{"line":631,"column":7}},"171":{"start":{"line":633,"column":18},"end":{"line":633,"column":22}},"172":{"start":{"line":634,"column":19},"end":{"line":634,"column":23}},"173":{"start":{"line":635,"column":14},"end":{"line":635,"column":18}},"174":{"start":{"line":636,"column":18},"end":{"line":636,"column":22}},"175":{"start":{"line":638,"column":4},"end":{"line":658,"column":5}},"176":{"start":{"line":639,"column":6},"end":{"line":640,"column":null}},"177":{"start":{"line":641,"column":6},"end":{"line":641,"column":null}},"178":{"start":{"line":642,"column":6},"end":{"line":642,"column":null}},"179":{"start":{"line":643,"column":11},"end":{"line":658,"column":5}},"180":{"start":{"line":644,"column":6},"end":{"line":644,"column":null}},"181":{"start":{"line":645,"column":6},"end":{"line":645,"column":null}},"182":{"start":{"line":646,"column":6},"end":{"line":646,"column":null}},"183":{"start":{"line":647,"column":6},"end":{"line":647,"column":null}},"184":{"start":{"line":648,"column":11},"end":{"line":658,"column":5}},"185":{"start":{"line":649,"column":6},"end":{"line":649,"column":null}},"186":{"start":{"line":650,"column":6},"end":{"line":650,"column":null}},"187":{"start":{"line":651,"column":6},"end":{"line":651,"column":null}},"188":{"start":{"line":652,"column":6},"end":{"line":652,"column":null}},"189":{"start":{"line":653,"column":11},"end":{"line":658,"column":5}},"190":{"start":{"line":654,"column":6},"end":{"line":654,"column":null}},"191":{"start":{"line":655,"column":6},"end":{"line":655,"column":null}},"192":{"start":{"line":656,"column":6},"end":{"line":656,"column":null}},"193":{"start":{"line":657,"column":6},"end":{"line":657,"column":null}},"194":{"start":{"line":660,"column":4},"end":{"line":667,"column":5}},"195":{"start":{"line":661,"column":6},"end":{"line":666,"column":9}},"196":{"start":{"line":669,"column":19},"end":{"line":738,"column":6}},"197":{"start":{"line":740,"column":4},"end":{"line":740,"column":33}},"198":{"start":{"line":742,"column":4},"end":{"line":742,"column":null}},"199":{"start":{"line":754,"column":2},"end":{"line":829,"column":3}},"200":{"start":{"line":755,"column":20},"end":{"line":755,"column":43}},"201":{"start":{"line":757,"column":19},"end":{"line":757,"column":29}},"202":{"start":{"line":759,"column":19},"end":{"line":763,"column":6}},"203":{"start":{"line":765,"column":4},"end":{"line":768,"column":5}},"204":{"start":{"line":766,"column":6},"end":{"line":766,"column":60}},"205":{"start":{"line":767,"column":6},"end":{"line":767,"column":13}},"206":{"start":{"line":769,"column":33},"end":{"line":772,"column":6}},"207":{"start":{"line":774,"column":29},"end":{"line":774,"column":75}},"208":{"start":{"line":774,"column":63},"end":{"line":774,"column":74}},"209":{"start":{"line":776,"column":27},"end":{"line":779,"column":6}},"210":{"start":{"line":781,"column":4},"end":{"line":788,"column":5}},"211":{"start":{"line":782,"column":23},"end":{"line":782,"column":57}},"212":{"start":{"line":783,"column":6},"end":{"line":787,"column":7}},"213":{"start":{"line":784,"column":8},"end":{"line":784,"column":32}},"214":{"start":{"line":786,"column":8},"end":{"line":786,"column":68}},"215":{"start":{"line":790,"column":4},"end":{"line":792,"column":7}},"216":{"start":{"line":793,"column":4},"end":{"line":795,"column":7}},"217":{"start":{"line":797,"column":24},"end":{"line":810,"column":6}},"218":{"start":{"line":812,"column":4},"end":{"line":817,"column":5}},"219":{"start":{"line":813,"column":6},"end":{"line":815,"column":70}},"220":{"start":{"line":816,"column":6},"end":{"line":816,"column":13}},"221":{"start":{"line":819,"column":4},"end":{"line":823,"column":7}},"222":{"start":{"line":824,"column":4},"end":{"line":824,"column":69}},"223":{"start":{"line":825,"column":4},"end":{"line":825,"column":11}},"224":{"start":{"line":827,"column":4},"end":{"line":827,"column":20}},"225":{"start":{"line":828,"column":4},"end":{"line":828,"column":11}},"226":{"start":{"line":841,"column":2},"end":{"line":1008,"column":3}},"227":{"start":{"line":842,"column":20},"end":{"line":842,"column":43}},"228":{"start":{"line":843,"column":51},"end":{"line":843,"column":60}},"229":{"start":{"line":845,"column":33},"end":{"line":855,"column":6}},"230":{"start":{"line":857,"column":33},"end":{"line":857,"column":35}},"231":{"start":{"line":860,"column":4},"end":{"line":863,"column":5}},"232":{"start":{"line":861,"column":28},"end":{"line":861,"column":45}},"233":{"start":{"line":862,"column":6},"end":{"line":862,"column":52}},"234":{"start":{"line":866,"column":4},"end":{"line":880,"column":5}},"235":{"start":{"line":867,"column":20},"end":{"line":867,"column":49}},"236":{"start":{"line":868,"column":18},"end":{"line":868,"column":45}},"237":{"start":{"line":870,"column":6},"end":{"line":879,"column":7}},"238":{"start":{"line":871,"column":8},"end":{"line":876,"column":11}},"239":{"start":{"line":878,"column":8},"end":{"line":878,"column":65}},"240":{"start":{"line":883,"column":4},"end":{"line":956,"column":5}},"241":{"start":{"line":884,"column":23},"end":{"line":884,"column":53}},"242":{"start":{"line":887,"column":28},"end":{"line":887,"column":48}},"243":{"start":{"line":890,"column":8},"end":{"line":894,"column":9}},"244":{"start":{"line":891,"column":10},"end":{"line":891,"column":23}},"245":{"start":{"line":892,"column":15},"end":{"line":894,"column":9}},"246":{"start":{"line":893,"column":10},"end":{"line":893,"column":22}},"247":{"start":{"line":896,"column":8},"end":{"line":896,"column":20}},"248":{"start":{"line":899,"column":27},"end":{"line":899,"column":62}},"249":{"start":{"line":901,"column":27},"end":{"line":901,"column":29}},"250":{"start":{"line":903,"column":6},"end":{"line":905,"column":7}},"251":{"start":{"line":904,"column":8},"end":{"line":904,"column":44}},"252":{"start":{"line":908,"column":6},"end":{"line":910,"column":7}},"253":{"start":{"line":909,"column":8},"end":{"line":909,"column":63}},"254":{"start":{"line":912,"column":6},"end":{"line":916,"column":9}},"255":{"start":{"line":918,"column":6},"end":{"line":926,"column":9}},"256":{"start":{"line":928,"column":6},"end":{"line":938,"column":9}},"257":{"start":{"line":940,"column":6},"end":{"line":950,"column":9}},"258":{"start":{"line":953,"column":6},"end":{"line":955,"column":7}},"259":{"start":{"line":954,"column":8},"end":{"line":954,"column":49}},"260":{"start":{"line":959,"column":4},"end":{"line":961,"column":5}},"261":{"start":{"line":960,"column":6},"end":{"line":960,"column":42}},"262":{"start":{"line":965,"column":21},"end":{"line":1000,"column":6}},"263":{"start":{"line":1002,"column":17},"end":{"line":1002,"column":25}},"264":{"start":{"line":1003,"column":4},"end":{"line":1003,"column":33}},"265":{"start":{"line":1004,"column":4},"end":{"line":1004,"column":11}},"266":{"start":{"line":1006,"column":4},"end":{"line":1006,"column":null}},"267":{"start":{"line":1007,"column":4},"end":{"line":1007,"column":11}},"268":{"start":{"line":1018,"column":2},"end":{"line":1082,"column":3}},"269":{"start":{"line":1019,"column":22},"end":{"line":1019,"column":49}},"270":{"start":{"line":1021,"column":4},"end":{"line":1028,"column":7}},"271":{"start":{"line":1030,"column":19},"end":{"line":1067,"column":6}},"272":{"start":{"line":1069,"column":20},"end":{"line":1069,"column":37}},"273":{"start":{"line":1070,"column":4},"end":{"line":1075,"column":7}},"274":{"start":{"line":1077,"column":4},"end":{"line":1077,"column":33}},"275":{"start":{"line":1078,"column":4},"end":{"line":1078,"column":11}},"276":{"start":{"line":1080,"column":4},"end":{"line":1080,"column":20}},"277":{"start":{"line":1081,"column":4},"end":{"line":1081,"column":11}}},"fnMap":{"0":{"name":"createDefect","decl":{"start":{"line":17,"column":22},"end":{"line":17,"column":34}},"loc":{"start":{"line":17,"column":62},"end":{"line":190,"column":1}}},"1":{"name":"(anonymous_2)","decl":{"start":{"line":67,"column":25},"end":{"line":67,"column":30}},"loc":{"start":{"line":67,"column":58},"end":{"line":91,"column":5}}},"2":{"name":"getDefect","decl":{"start":{"line":199,"column":22},"end":{"line":199,"column":31}},"loc":{"start":{"line":199,"column":59},"end":{"line":275,"column":1}}},"3":{"name":"getAllDefects","decl":{"start":{"line":283,"column":22},"end":{"line":283,"column":35}},"loc":{"start":{"line":283,"column":63},"end":{"line":485,"column":1}}},"4":{"name":"(anonymous_5)","decl":{"start":{"line":312,"column":45},"end":{"line":312,"column":46}},"loc":{"start":{"line":312,"column":53},"end":{"line":312,"column":64}}},"5":{"name":"mapSearchToStatus","decl":{"start":{"line":338,"column":15},"end":{"line":338,"column":32}},"loc":{"start":{"line":338,"column":47},"end":{"line":355,"column":7}}},"6":{"name":"mapSearchToType","decl":{"start":{"line":357,"column":15},"end":{"line":357,"column":30}},"loc":{"start":{"line":357,"column":45},"end":{"line":371,"column":7}}},"7":{"name":"getUploadsPath","decl":{"start":{"line":487,"column":9},"end":{"line":487,"column":23}},"loc":{"start":{"line":487,"column":23},"end":{"line":490,"column":1}}},"8":{"name":"updateDefect","decl":{"start":{"line":503,"column":22},"end":{"line":503,"column":34}},"loc":{"start":{"line":503,"column":62},"end":{"line":744,"column":1}}},"9":{"name":"(anonymous_10)","decl":{"start":{"line":534,"column":45},"end":{"line":534,"column":48}},"loc":{"start":{"line":534,"column":52},"end":{"line":534,"column":63}}},"10":{"name":"(anonymous_11)","decl":{"start":{"line":540,"column":58},"end":{"line":540,"column":59}},"loc":{"start":{"line":540,"column":67},"end":{"line":540,"column":78}}},"11":{"name":"(anonymous_12)","decl":{"start":{"line":566,"column":18},"end":{"line":566,"column":23}},"loc":{"start":{"line":566,"column":27},"end":{"line":566,"column":73}}},"12":{"name":"(anonymous_13)","decl":{"start":{"line":567,"column":15},"end":{"line":567,"column":20}},"loc":{"start":{"line":567,"column":24},"end":{"line":567,"column":32}}},"13":{"name":"deleteDefect","decl":{"start":{"line":753,"column":22},"end":{"line":753,"column":34}},"loc":{"start":{"line":753,"column":62},"end":{"line":830,"column":1}}},"14":{"name":"(anonymous_15)","decl":{"start":{"line":774,"column":54},"end":{"line":774,"column":55}},"loc":{"start":{"line":774,"column":63},"end":{"line":774,"column":74}}},"15":{"name":"getAllComments","decl":{"start":{"line":840,"column":22},"end":{"line":840,"column":36}},"loc":{"start":{"line":840,"column":64},"end":{"line":1009,"column":1}}},"16":{"name":"mapSearchToStatus","decl":{"start":{"line":886,"column":15},"end":{"line":886,"column":32}},"loc":{"start":{"line":886,"column":47},"end":{"line":897,"column":7}}},"17":{"name":"confirmComment","decl":{"start":{"line":1017,"column":22},"end":{"line":1017,"column":36}},"loc":{"start":{"line":1017,"column":64},"end":{"line":1083,"column":1}}}},"branchMap":{"0":{"loc":{"start":{"line":45,"column":4},"end":{"line":53,"column":5}},"type":"if","locations":[{"start":{"line":45,"column":4},"end":{"line":53,"column":5}}]},"1":{"loc":{"start":{"line":75,"column":8},"end":{"line":78,"column":9}},"type":"if","locations":[{"start":{"line":75,"column":8},"end":{"line":78,"column":9}}]},"2":{"loc":{"start":{"line":93,"column":4},"end":{"line":114,"column":5}},"type":"if","locations":[{"start":{"line":93,"column":4},"end":{"line":114,"column":5}},{"start":{"line":112,"column":11},"end":{"line":114,"column":5}}]},"3":{"loc":{"start":{"line":103,"column":8},"end":{"line":110,"column":9}},"type":"if","locations":[{"start":{"line":103,"column":8},"end":{"line":110,"column":9}}]},"4":{"loc":{"start":{"line":262,"column":4},"end":{"line":265,"column":5}},"type":"if","locations":[{"start":{"line":262,"column":4},"end":{"line":265,"column":5}}]},"5":{"loc":{"start":{"line":303,"column":4},"end":{"line":307,"column":5}},"type":"if","locations":[{"start":{"line":303,"column":4},"end":{"line":307,"column":5}}]},"6":{"loc":{"start":{"line":310,"column":4},"end":{"line":315,"column":5}},"type":"if","locations":[{"start":{"line":310,"column":4},"end":{"line":315,"column":5}}]},"7":{"loc":{"start":{"line":318,"column":4},"end":{"line":332,"column":5}},"type":"if","locations":[{"start":{"line":318,"column":4},"end":{"line":332,"column":5}}]},"8":{"loc":{"start":{"line":318,"column":8},"end":{"line":318,"column":28}},"type":"binary-expr","locations":[{"start":{"line":318,"column":8},"end":{"line":318,"column":17}},{"start":{"line":318,"column":21},"end":{"line":318,"column":28}}]},"9":{"loc":{"start":{"line":322,"column":6},"end":{"line":331,"column":7}},"type":"if","locations":[{"start":{"line":322,"column":6},"end":{"line":331,"column":7}},{"start":{"line":329,"column":13},"end":{"line":331,"column":7}}]},"10":{"loc":{"start":{"line":322,"column":10},"end":{"line":322,"column":58}},"type":"binary-expr","locations":[{"start":{"line":322,"column":10},"end":{"line":322,"column":33}},{"start":{"line":322,"column":37},"end":{"line":322,"column":58}}]},"11":{"loc":{"start":{"line":335,"column":4},"end":{"line":413,"column":5}},"type":"if","locations":[{"start":{"line":335,"column":4},"end":{"line":413,"column":5}}]},"12":{"loc":{"start":{"line":342,"column":8},"end":{"line":352,"column":9}},"type":"if","locations":[{"start":{"line":342,"column":8},"end":{"line":352,"column":9}},{"start":{"line":344,"column":15},"end":{"line":352,"column":9}}]},"13":{"loc":{"start":{"line":344,"column":15},"end":{"line":352,"column":9}},"type":"if","locations":[{"start":{"line":344,"column":15},"end":{"line":352,"column":9}},{"start":{"line":346,"column":15},"end":{"line":352,"column":9}}]},"14":{"loc":{"start":{"line":346,"column":15},"end":{"line":352,"column":9}},"type":"if","locations":[{"start":{"line":346,"column":15},"end":{"line":352,"column":9}},{"start":{"line":348,"column":15},"end":{"line":352,"column":9}}]},"15":{"loc":{"start":{"line":348,"column":15},"end":{"line":352,"column":9}},"type":"if","locations":[{"start":{"line":348,"column":15},"end":{"line":352,"column":9}},{"start":{"line":350,"column":15},"end":{"line":352,"column":9}}]},"16":{"loc":{"start":{"line":350,"column":15},"end":{"line":352,"column":9}},"type":"if","locations":[{"start":{"line":350,"column":15},"end":{"line":352,"column":9}}]},"17":{"loc":{"start":{"line":361,"column":8},"end":{"line":367,"column":9}},"type":"if","locations":[{"start":{"line":361,"column":8},"end":{"line":367,"column":9}},{"start":{"line":363,"column":15},"end":{"line":367,"column":9}}]},"18":{"loc":{"start":{"line":363,"column":15},"end":{"line":367,"column":9}},"type":"if","locations":[{"start":{"line":363,"column":15},"end":{"line":367,"column":9}},{"start":{"line":365,"column":15},"end":{"line":367,"column":9}}]},"19":{"loc":{"start":{"line":365,"column":15},"end":{"line":367,"column":9}},"type":"if","locations":[{"start":{"line":365,"column":15},"end":{"line":367,"column":9}}]},"20":{"loc":{"start":{"line":378,"column":6},"end":{"line":380,"column":7}},"type":"if","locations":[{"start":{"line":378,"column":6},"end":{"line":380,"column":7}}]},"21":{"loc":{"start":{"line":383,"column":6},"end":{"line":385,"column":7}},"type":"if","locations":[{"start":{"line":383,"column":6},"end":{"line":385,"column":7}}]},"22":{"loc":{"start":{"line":388,"column":6},"end":{"line":390,"column":7}},"type":"if","locations":[{"start":{"line":388,"column":6},"end":{"line":390,"column":7}}]},"23":{"loc":{"start":{"line":410,"column":6},"end":{"line":412,"column":7}},"type":"if","locations":[{"start":{"line":410,"column":6},"end":{"line":412,"column":7}}]},"24":{"loc":{"start":{"line":416,"column":4},"end":{"line":418,"column":5}},"type":"if","locations":[{"start":{"line":416,"column":4},"end":{"line":418,"column":5}}]},"25":{"loc":{"start":{"line":521,"column":4},"end":{"line":524,"column":5}},"type":"if","locations":[{"start":{"line":521,"column":4},"end":{"line":524,"column":5}}]},"26":{"loc":{"start":{"line":526,"column":4},"end":{"line":610,"column":5}},"type":"if","locations":[{"start":{"line":526,"column":4},"end":{"line":610,"column":5}}]},"27":{"loc":{"start":{"line":539,"column":6},"end":{"line":561,"column":7}},"type":"if","locations":[{"start":{"line":539,"column":6},"end":{"line":561,"column":7}}]},"28":{"loc":{"start":{"line":563,"column":6},"end":{"line":594,"column":7}},"type":"if","locations":[{"start":{"line":563,"column":6},"end":{"line":594,"column":7}}]},"29":{"loc":{"start":{"line":563,"column":10},"end":{"line":563,"column":82}},"type":"binary-expr","locations":[{"start":{"line":563,"column":10},"end":{"line":563,"column":47}},{"start":{"line":563,"column":51},"end":{"line":563,"column":82}}]},"30":{"loc":{"start":{"line":600,"column":32},"end":{"line":600,"column":99}},"type":"cond-expr","locations":[{"start":{"line":600,"column":72},"end":{"line":600,"column":84}},{"start":{"line":600,"column":87},"end":{"line":600,"column":99}}]},"31":{"loc":{"start":{"line":614,"column":4},"end":{"line":614,"column":51}},"type":"if","locations":[{"start":{"line":614,"column":4},"end":{"line":614,"column":51}}]},"32":{"loc":{"start":{"line":615,"column":4},"end":{"line":615,"column":72}},"type":"if","locations":[{"start":{"line":615,"column":4},"end":{"line":615,"column":72}}]},"33":{"loc":{"start":{"line":616,"column":4},"end":{"line":616,"column":51}},"type":"if","locations":[{"start":{"line":616,"column":4},"end":{"line":616,"column":51}}]},"34":{"loc":{"start":{"line":617,"column":4},"end":{"line":617,"column":57}},"type":"if","locations":[{"start":{"line":617,"column":4},"end":{"line":617,"column":57}}]},"35":{"loc":{"start":{"line":619,"column":4},"end":{"line":621,"column":5}},"type":"if","locations":[{"start":{"line":619,"column":4},"end":{"line":621,"column":5}}]},"36":{"loc":{"start":{"line":623,"column":4},"end":{"line":625,"column":5}},"type":"if","locations":[{"start":{"line":623,"column":4},"end":{"line":625,"column":5}}]},"37":{"loc":{"start":{"line":638,"column":4},"end":{"line":658,"column":5}},"type":"if","locations":[{"start":{"line":638,"column":4},"end":{"line":658,"column":5}},{"start":{"line":643,"column":11},"end":{"line":658,"column":5}}]},"38":{"loc":{"start":{"line":643,"column":11},"end":{"line":658,"column":5}},"type":"if","locations":[{"start":{"line":643,"column":11},"end":{"line":658,"column":5}},{"start":{"line":648,"column":11},"end":{"line":658,"column":5}}]},"39":{"loc":{"start":{"line":648,"column":11},"end":{"line":658,"column":5}},"type":"if","locations":[{"start":{"line":648,"column":11},"end":{"line":658,"column":5}},{"start":{"line":653,"column":11},"end":{"line":658,"column":5}}]},"40":{"loc":{"start":{"line":653,"column":11},"end":{"line":658,"column":5}},"type":"if","locations":[{"start":{"line":653,"column":11},"end":{"line":658,"column":5}}]},"41":{"loc":{"start":{"line":660,"column":4},"end":{"line":667,"column":5}},"type":"if","locations":[{"start":{"line":660,"column":4},"end":{"line":667,"column":5}}]},"42":{"loc":{"start":{"line":765,"column":4},"end":{"line":768,"column":5}},"type":"if","locations":[{"start":{"line":765,"column":4},"end":{"line":768,"column":5}}]},"43":{"loc":{"start":{"line":812,"column":4},"end":{"line":817,"column":5}},"type":"if","locations":[{"start":{"line":812,"column":4},"end":{"line":817,"column":5}}]},"44":{"loc":{"start":{"line":860,"column":4},"end":{"line":863,"column":5}},"type":"if","locations":[{"start":{"line":860,"column":4},"end":{"line":863,"column":5}}]},"45":{"loc":{"start":{"line":866,"column":4},"end":{"line":880,"column":5}},"type":"if","locations":[{"start":{"line":866,"column":4},"end":{"line":880,"column":5}}]},"46":{"loc":{"start":{"line":866,"column":8},"end":{"line":866,"column":28}},"type":"binary-expr","locations":[{"start":{"line":866,"column":8},"end":{"line":866,"column":17}},{"start":{"line":866,"column":21},"end":{"line":866,"column":28}}]},"47":{"loc":{"start":{"line":870,"column":6},"end":{"line":879,"column":7}},"type":"if","locations":[{"start":{"line":870,"column":6},"end":{"line":879,"column":7}},{"start":{"line":877,"column":13},"end":{"line":879,"column":7}}]},"48":{"loc":{"start":{"line":870,"column":10},"end":{"line":870,"column":58}},"type":"binary-expr","locations":[{"start":{"line":870,"column":10},"end":{"line":870,"column":33}},{"start":{"line":870,"column":37},"end":{"line":870,"column":58}}]},"49":{"loc":{"start":{"line":883,"column":4},"end":{"line":956,"column":5}},"type":"if","locations":[{"start":{"line":883,"column":4},"end":{"line":956,"column":5}}]},"50":{"loc":{"start":{"line":890,"column":8},"end":{"line":894,"column":9}},"type":"if","locations":[{"start":{"line":890,"column":8},"end":{"line":894,"column":9}},{"start":{"line":892,"column":15},"end":{"line":894,"column":9}}]},"51":{"loc":{"start":{"line":892,"column":15},"end":{"line":894,"column":9}},"type":"if","locations":[{"start":{"line":892,"column":15},"end":{"line":894,"column":9}}]},"52":{"loc":{"start":{"line":903,"column":6},"end":{"line":905,"column":7}},"type":"if","locations":[{"start":{"line":903,"column":6},"end":{"line":905,"column":7}}]},"53":{"loc":{"start":{"line":908,"column":6},"end":{"line":910,"column":7}},"type":"if","locations":[{"start":{"line":908,"column":6},"end":{"line":910,"column":7}}]},"54":{"loc":{"start":{"line":953,"column":6},"end":{"line":955,"column":7}},"type":"if","locations":[{"start":{"line":953,"column":6},"end":{"line":955,"column":7}}]},"55":{"loc":{"start":{"line":959,"column":4},"end":{"line":961,"column":5}},"type":"if","locations":[{"start":{"line":959,"column":4},"end":{"line":961,"column":5}}]}},"s":{"0":1,"1":1,"2":1,"3":1,"4":1,"5":1,"6":1,"7":1,"8":1,"9":1,"10":1,"11":1,"12":1,"13":1,"14":1,"15":1,"16":1,"17":1,"18":0,"19":0,"20":1,"21":1,"22":1,"23":1,"24":1,"25":0,"26":0,"27":1,"28":1,"29":0,"30":1,"31":1,"32":1,"33":1,"34":1,"35":1,"36":1,"37":0,"38":1,"39":1,"40":1,"41":1,"42":1,"43":0,"44":1,"45":1,"46":1,"47":1,"48":0,"49":0,"50":1,"51":1,"52":1,"53":0,"54":0,"55":1,"56":1,"57":1,"58":1,"59":1,"60":1,"61":0,"62":1,"63":0,"64":0,"65":0,"66":0,"67":1,"68":0,"69":0,"70":0,"71":0,"72":0,"73":1,"74":0,"75":0,"76":0,"77":0,"78":0,"79":0,"80":0,"81":0,"82":0,"83":0,"84":0,"85":0,"86":0,"87":0,"88":0,"89":0,"90":0,"91":0,"92":0,"93":0,"94":0,"95":0,"96":0,"97":0,"98":0,"99":0,"100":0,"101":0,"102":0,"103":0,"104":0,"105":0,"106":0,"107":0,"108":1,"109":0,"110":1,"111":1,"112":1,"113":1,"114":0,"115":0,"116":1,"117":1,"118":1,"119":1,"120":1,"121":1,"122":1,"123":1,"124":1,"125":0,"126":0,"127":1,"128":0,"129":0,"130":0,"131":0,"132":0,"133":0,"134":0,"135":0,"136":0,"137":0,"138":0,"139":0,"140":0,"141":0,"142":0,"143":0,"144":0,"145":0,"146":0,"147":0,"148":0,"149":0,"150":0,"151":0,"152":0,"153":0,"154":0,"155":0,"156":0,"157":1,"158":1,"159":0,"160":1,"161":0,"162":1,"163":0,"164":1,"165":0,"166":1,"167":0,"168":1,"169":0,"170":1,"171":1,"172":1,"173":1,"174":1,"175":1,"176":0,"177":0,"178":0,"179":1,"180":0,"181":0,"182":0,"183":0,"184":1,"185":0,"186":0,"187":0,"188":0,"189":1,"190":0,"191":0,"192":0,"193":0,"194":1,"195":0,"196":1,"197":1,"198":0,"199":0,"200":0,"201":0,"202":0,"203":0,"204":0,"205":0,"206":0,"207":0,"208":0,"209":0,"210":0,"211":0,"212":0,"213":0,"214":0,"215":0,"216":0,"217":0,"218":0,"219":0,"220":0,"221":0,"222":0,"223":0,"224":0,"225":0,"226":1,"227":1,"228":1,"229":1,"230":1,"231":1,"232":0,"233":0,"234":1,"235":0,"236":0,"237":0,"238":0,"239":0,"240":1,"241":0,"242":0,"243":0,"244":0,"245":0,"246":0,"247":0,"248":0,"249":0,"250":0,"251":0,"252":0,"253":0,"254":0,"255":0,"256":0,"257":0,"258":0,"259":0,"260":1,"261":0,"262":1,"263":1,"264":1,"265":1,"266":0,"267":0,"268":1,"269":1,"270":1,"271":1,"272":1,"273":1,"274":1,"275":1,"276":0,"277":0},"f":{"0":1,"1":1,"2":1,"3":1,"4":0,"5":0,"6":0,"7":1,"8":1,"9":0,"10":0,"11":0,"12":0,"13":0,"14":0,"15":1,"16":0,"17":1},"b":{"0":[0],"1":[0],"2":[1,0],"3":[1],"4":[0],"5":[0],"6":[0],"7":[0],"8":[1,0],"9":[0,0],"10":[0,0],"11":[0],"12":[0,0],"13":[0,0],"14":[0,0],"15":[0,0],"16":[0],"17":[0,0],"18":[0,0],"19":[0],"20":[0],"21":[0],"22":[0],"23":[0],"24":[0],"25":[0],"26":[0],"27":[0],"28":[0],"29":[0,0],"30":[0,0],"31":[0],"32":[0],"33":[0],"34":[0],"35":[0],"36":[0],"37":[0,1],"38":[0,1],"39":[0,1],"40":[0],"41":[0],"42":[0],"43":[0],"44":[0],"45":[0],"46":[1,0],"47":[0,0],"48":[0,0],"49":[0],"50":[0,0],"51":[0],"52":[0],"53":[0],"54":[0],"55":[0]}}
,"C:\\Users\\User\\Documents\\CodeClimate\\TEAM6-DENSY\\server\\src\\Controllers\\location-controller.ts": {"path":"C:\\Users\\User\\Documents\\CodeClimate\\TEAM6-DENSY\\server\\src\\Controllers\\location-controller.ts","statementMap":{"0":{"start":{"line":12,"column":0},"end":{"line":12,"column":7}},"1":{"start":{"line":49,"column":0},"end":{"line":49,"column":7}},"2":{"start":{"line":77,"column":0},"end":{"line":77,"column":7}},"3":{"start":{"line":128,"column":0},"end":{"line":128,"column":7}},"4":{"start":{"line":1,"column":0},"end":{"line":1,"column":39}},"5":{"start":{"line":3,"column":0},"end":{"line":3,"column":68}},"6":{"start":{"line":13,"column":4},"end":{"line":46,"column":5}},"7":{"start":{"line":14,"column":23},"end":{"line":14,"column":50}},"8":{"start":{"line":15,"column":21},"end":{"line":34,"column":10}},"9":{"start":{"line":35,"column":8},"end":{"line":38,"column":9}},"10":{"start":{"line":36,"column":12},"end":{"line":36,"column":null}},"11":{"start":{"line":37,"column":12},"end":{"line":37,"column":18}},"12":{"start":{"line":39,"column":21},"end":{"line":39,"column":25}},"13":{"start":{"line":41,"column":8},"end":{"line":41,"column":null}},"14":{"start":{"line":42,"column":8},"end":{"line":42,"column":14}},"15":{"start":{"line":44,"column":8},"end":{"line":44,"column":null}},"16":{"start":{"line":45,"column":8},"end":{"line":45,"column":14}},"17":{"start":{"line":50,"column":4},"end":{"line":68,"column":5}},"18":{"start":{"line":51,"column":21},"end":{"line":56,"column":10}},"19":{"start":{"line":57,"column":8},"end":{"line":60,"column":9}},"20":{"start":{"line":58,"column":12},"end":{"line":58,"column":null}},"21":{"start":{"line":59,"column":12},"end":{"line":59,"column":18}},"22":{"start":{"line":61,"column":21},"end":{"line":61,"column":25}},"23":{"start":{"line":63,"column":8},"end":{"line":63,"column":null}},"24":{"start":{"line":64,"column":8},"end":{"line":64,"column":14}},"25":{"start":{"line":66,"column":8},"end":{"line":66,"column":null}},"26":{"start":{"line":67,"column":8},"end":{"line":67,"column":14}},"27":{"start":{"line":78,"column":4},"end":{"line":117,"column":5}},"28":{"start":{"line":79,"column":19},"end":{"line":79,"column":46}},"29":{"start":{"line":80,"column":25},"end":{"line":103,"column":10}},"30":{"start":{"line":105,"column":8},"end":{"line":108,"column":9}},"31":{"start":{"line":106,"column":12},"end":{"line":106,"column":null}},"32":{"start":{"line":107,"column":12},"end":{"line":107,"column":18}},"33":{"start":{"line":110,"column":21},"end":{"line":110,"column":29}},"34":{"start":{"line":112,"column":8},"end":{"line":112,"column":null}},"35":{"start":{"line":113,"column":8},"end":{"line":113,"column":14}},"36":{"start":{"line":115,"column":8},"end":{"line":115,"column":null}},"37":{"start":{"line":116,"column":8},"end":{"line":116,"column":14}},"38":{"start":{"line":129,"column":4},"end":{"line":188,"column":5}},"39":{"start":{"line":130,"column":23},"end":{"line":130,"column":50}},"40":{"start":{"line":131,"column":27},"end":{"line":131,"column":35}},"41":{"start":{"line":133,"column":24},"end":{"line":135,"column":10}},"42":{"start":{"line":137,"column":8},"end":{"line":142,"column":9}},"43":{"start":{"line":138,"column":12},"end":{"line":141,"column":15}},"44":{"start":{"line":145,"column":8},"end":{"line":150,"column":11}},"45":{"start":{"line":152,"column":21},"end":{"line":173,"column":10}},"46":{"start":{"line":175,"column":24},"end":{"line":175,"column":59}},"47":{"start":{"line":176,"column":8},"end":{"line":181,"column":11}},"48":{"start":{"line":183,"column":8},"end":{"line":183,"column":37}},"49":{"start":{"line":184,"column":8},"end":{"line":184,"column":15}},"50":{"start":{"line":186,"column":8},"end":{"line":186,"column":24}},"51":{"start":{"line":187,"column":8},"end":{"line":187,"column":15}}},"fnMap":{"0":{"name":"getZone","decl":{"start":{"line":12,"column":22},"end":{"line":12,"column":29}},"loc":{"start":{"line":12,"column":57},"end":{"line":47,"column":1}}},"1":{"name":"getAllZone","decl":{"start":{"line":49,"column":22},"end":{"line":49,"column":32}},"loc":{"start":{"line":49,"column":60},"end":{"line":69,"column":1}}},"2":{"name":"getLocation","decl":{"start":{"line":77,"column":22},"end":{"line":77,"column":33}},"loc":{"start":{"line":77,"column":61},"end":{"line":118,"column":1}}},"3":{"name":"updateSupervisor","decl":{"start":{"line":128,"column":22},"end":{"line":128,"column":38}},"loc":{"start":{"line":128,"column":66},"end":{"line":189,"column":1}}}},"branchMap":{"0":{"loc":{"start":{"line":35,"column":8},"end":{"line":38,"column":9}},"type":"if","locations":[{"start":{"line":35,"column":8},"end":{"line":38,"column":9}}]},"1":{"loc":{"start":{"line":57,"column":8},"end":{"line":60,"column":9}},"type":"if","locations":[{"start":{"line":57,"column":8},"end":{"line":60,"column":9}}]},"2":{"loc":{"start":{"line":105,"column":8},"end":{"line":108,"column":9}},"type":"if","locations":[{"start":{"line":105,"column":8},"end":{"line":108,"column":9}}]},"3":{"loc":{"start":{"line":137,"column":8},"end":{"line":142,"column":9}},"type":"if","locations":[{"start":{"line":137,"column":8},"end":{"line":142,"column":9}}]},"4":{"loc":{"start":{"line":137,"column":12},"end":{"line":137,"column":44}},"type":"binary-expr","locations":[{"start":{"line":137,"column":12},"end":{"line":137,"column":19}},{"start":{"line":137,"column":23},"end":{"line":137,"column":44}}]},"5":{"loc":{"start":{"line":148,"column":24},"end":{"line":148,"column":60}},"type":"cond-expr","locations":[{"start":{"line":148,"column":33},"end":{"line":148,"column":53}},{"start":{"line":148,"column":56},"end":{"line":148,"column":60}}]}},"s":{"0":1,"1":1,"2":1,"3":1,"4":1,"5":1,"6":1,"7":1,"8":1,"9":1,"10":0,"11":0,"12":1,"13":1,"14":1,"15":0,"16":0,"17":1,"18":1,"19":1,"20":0,"21":0,"22":1,"23":1,"24":1,"25":0,"26":0,"27":1,"28":1,"29":1,"30":1,"31":0,"32":0,"33":1,"34":1,"35":1,"36":0,"37":0,"38":1,"39":1,"40":1,"41":1,"42":1,"43":0,"44":1,"45":1,"46":1,"47":1,"48":1,"49":1,"50":0,"51":0},"f":{"0":1,"1":1,"2":1,"3":1},"b":{"0":[0],"1":[0],"2":[0],"3":[0],"4":[1,1],"5":[1,0]}}
,"C:\\Users\\User\\Documents\\CodeClimate\\TEAM6-DENSY\\server\\src\\Controllers\\patrol-controller.ts": {"path":"C:\\Users\\User\\Documents\\CodeClimate\\TEAM6-DENSY\\server\\src\\Controllers\\patrol-controller.ts","statementMap":{"0":{"start":{"line":15,"column":0},"end":{"line":15,"column":7}},"1":{"start":{"line":140,"column":0},"end":{"line":140,"column":7}},"2":{"start":{"line":355,"column":0},"end":{"line":355,"column":7}},"3":{"start":{"line":412,"column":0},"end":{"line":412,"column":7}},"4":{"start":{"line":566,"column":0},"end":{"line":566,"column":7}},"5":{"start":{"line":737,"column":0},"end":{"line":737,"column":7}},"6":{"start":{"line":902,"column":0},"end":{"line":902,"column":7}},"7":{"start":{"line":941,"column":0},"end":{"line":941,"column":7}},"8":{"start":{"line":1105,"column":0},"end":{"line":1105,"column":7}},"9":{"start":{"line":1169,"column":0},"end":{"line":1169,"column":7}},"10":{"start":{"line":1210,"column":0},"end":{"line":1210,"column":16}},"11":{"start":{"line":1,"column":0},"end":{"line":1,"column":40}},"12":{"start":{"line":3,"column":0},"end":{"line":3,"column":69}},"13":{"start":{"line":4,"column":0},"end":{"line":4,"column":70}},"14":{"start":{"line":16,"column":2},"end":{"line":130,"column":3}},"15":{"start":{"line":17,"column":26},"end":{"line":17,"column":53}},"16":{"start":{"line":18,"column":26},"end":{"line":18,"column":53}},"17":{"start":{"line":20,"column":20},"end":{"line":20,"column":43}},"18":{"start":{"line":21,"column":21},"end":{"line":21,"column":48}},"19":{"start":{"line":24,"column":4},"end":{"line":117,"column":7}},"20":{"start":{"line":119,"column":4},"end":{"line":122,"column":5}},"21":{"start":{"line":120,"column":6},"end":{"line":120,"column":22}},"22":{"start":{"line":121,"column":6},"end":{"line":121,"column":13}},"23":{"start":{"line":123,"column":17},"end":{"line":123,"column":23}},"24":{"start":{"line":125,"column":4},"end":{"line":125,"column":33}},"25":{"start":{"line":126,"column":4},"end":{"line":126,"column":11}},"26":{"start":{"line":128,"column":4},"end":{"line":128,"column":20}},"27":{"start":{"line":129,"column":4},"end":{"line":129,"column":11}},"28":{"start":{"line":141,"column":2},"end":{"line":352,"column":3}},"29":{"start":{"line":142,"column":59},"end":{"line":142,"column":68}},"30":{"start":{"line":143,"column":20},"end":{"line":143,"column":43}},"31":{"start":{"line":145,"column":33},"end":{"line":151,"column":6}},"32":{"start":{"line":153,"column":33},"end":{"line":153,"column":35}},"33":{"start":{"line":156,"column":4},"end":{"line":161,"column":5}},"34":{"start":{"line":157,"column":27},"end":{"line":157,"column":55}},"35":{"start":{"line":158,"column":33},"end":{"line":158,"column":72}},"36":{"start":{"line":158,"column":57},"end":{"line":158,"column":70}},"37":{"start":{"line":160,"column":6},"end":{"line":160,"column":53}},"38":{"start":{"line":164,"column":4},"end":{"line":170,"column":5}},"39":{"start":{"line":165,"column":6},"end":{"line":169,"column":9}},"40":{"start":{"line":173,"column":4},"end":{"line":187,"column":5}},"41":{"start":{"line":174,"column":20},"end":{"line":174,"column":49}},"42":{"start":{"line":175,"column":18},"end":{"line":175,"column":45}},"43":{"start":{"line":177,"column":6},"end":{"line":186,"column":7}},"44":{"start":{"line":178,"column":8},"end":{"line":183,"column":11}},"45":{"start":{"line":185,"column":8},"end":{"line":185,"column":65}},"46":{"start":{"line":190,"column":4},"end":{"line":251,"column":5}},"47":{"start":{"line":191,"column":23},"end":{"line":191,"column":53}},"48":{"start":{"line":194,"column":28},"end":{"line":194,"column":48}},"49":{"start":{"line":197,"column":8},"end":{"line":205,"column":9}},"50":{"start":{"line":198,"column":10},"end":{"line":198,"column":38}},"51":{"start":{"line":199,"column":15},"end":{"line":205,"column":9}},"52":{"start":{"line":200,"column":10},"end":{"line":200,"column":40}},"53":{"start":{"line":201,"column":15},"end":{"line":205,"column":9}},"54":{"start":{"line":202,"column":10},"end":{"line":202,"column":39}},"55":{"start":{"line":203,"column":15},"end":{"line":205,"column":9}},"56":{"start":{"line":204,"column":10},"end":{"line":204,"column":40}},"57":{"start":{"line":208,"column":8},"end":{"line":208,"column":20}},"58":{"start":{"line":211,"column":27},"end":{"line":211,"column":62}},"59":{"start":{"line":213,"column":27},"end":{"line":213,"column":29}},"60":{"start":{"line":215,"column":6},"end":{"line":217,"column":7}},"61":{"start":{"line":216,"column":8},"end":{"line":216,"column":44}},"62":{"start":{"line":220,"column":6},"end":{"line":222,"column":7}},"63":{"start":{"line":221,"column":8},"end":{"line":221,"column":68}},"64":{"start":{"line":225,"column":6},"end":{"line":231,"column":9}},"65":{"start":{"line":233,"column":6},"end":{"line":245,"column":9}},"66":{"start":{"line":248,"column":6},"end":{"line":250,"column":7}},"67":{"start":{"line":249,"column":8},"end":{"line":249,"column":49}},"68":{"start":{"line":254,"column":4},"end":{"line":256,"column":5}},"69":{"start":{"line":255,"column":6},"end":{"line":255,"column":42}},"70":{"start":{"line":261,"column":23},"end":{"line":309,"column":6}},"71":{"start":{"line":312,"column":48},"end":{"line":312,"column":50}},"72":{"start":{"line":314,"column":4},"end":{"line":342,"column":7}},"73":{"start":{"line":315,"column":6},"end":{"line":324,"column":7}},"74":{"start":{"line":316,"column":8},"end":{"line":323,"column":10}},"75":{"start":{"line":326,"column":18},"end":{"line":326,"column":19}},"76":{"start":{"line":327,"column":6},"end":{"line":341,"column":9}},"77":{"start":{"line":329,"column":8},"end":{"line":333,"column":11}},"78":{"start":{"line":330,"column":10},"end":{"line":332,"column":null}},"79":{"start":{"line":331,"column":12},"end":{"line":331,"column":null}},"80":{"start":{"line":334,"column":8},"end":{"line":334,"column":53}},"81":{"start":{"line":337,"column":26},"end":{"line":337,"column":51}},"82":{"start":{"line":338,"column":8},"end":{"line":340,"column":9}},"83":{"start":{"line":338,"column":82},"end":{"line":338,"column":105}},"84":{"start":{"line":339,"column":10},"end":{"line":339,"column":63}},"85":{"start":{"line":345,"column":19},"end":{"line":345,"column":48}},"86":{"start":{"line":347,"column":4},"end":{"line":347,"column":33}},"87":{"start":{"line":348,"column":4},"end":{"line":348,"column":11}},"88":{"start":{"line":350,"column":4},"end":{"line":350,"column":null}},"89":{"start":{"line":351,"column":4},"end":{"line":351,"column":11}},"90":{"start":{"line":356,"column":2},"end":{"line":399,"column":3}},"91":{"start":{"line":357,"column":21},"end":{"line":357,"column":48}},"92":{"start":{"line":359,"column":19},"end":{"line":382,"column":6}},"93":{"start":{"line":384,"column":24},"end":{"line":384,"column":26}},"94":{"start":{"line":385,"column":4},"end":{"line":387,"column":null}},"95":{"start":{"line":386,"column":6},"end":{"line":386,"column":null}},"96":{"start":{"line":390,"column":4},"end":{"line":392,"column":null}},"97":{"start":{"line":391,"column":6},"end":{"line":391,"column":67}},"98":{"start":{"line":391,"column":38},"end":{"line":391,"column":66}},"99":{"start":{"line":394,"column":4},"end":{"line":394,"column":33}},"100":{"start":{"line":395,"column":4},"end":{"line":395,"column":10}},"101":{"start":{"line":397,"column":4},"end":{"line":397,"column":20}},"102":{"start":{"line":398,"column":4},"end":{"line":398,"column":11}},"103":{"start":{"line":413,"column":2},"end":{"line":552,"column":3}},"104":{"start":{"line":414,"column":43},"end":{"line":414,"column":51}},"105":{"start":{"line":416,"column":4},"end":{"line":419,"column":5}},"106":{"start":{"line":417,"column":6},"end":{"line":417,"column":67}},"107":{"start":{"line":418,"column":6},"end":{"line":418,"column":13}},"108":{"start":{"line":421,"column":23},"end":{"line":421,"column":37}},"109":{"start":{"line":422,"column":18},"end":{"line":422,"column":28}},"110":{"start":{"line":423,"column":4},"end":{"line":423,"column":31}},"111":{"start":{"line":424,"column":4},"end":{"line":424,"column":36}},"112":{"start":{"line":427,"column":6},"end":{"line":427,"column":72}},"113":{"start":{"line":429,"column":22},"end":{"line":435,"column":6}},"114":{"start":{"line":437,"column":31},"end":{"line":437,"column":48}},"115":{"start":{"line":439,"column":4},"end":{"line":465,"column":5}},"116":{"start":{"line":440,"column":38},"end":{"line":440,"column":47}},"117":{"start":{"line":442,"column":6},"end":{"line":444,"column":7}},"118":{"start":{"line":443,"column":8},"end":{"line":443,"column":17}},"119":{"start":{"line":446,"column":6},"end":{"line":452,"column":9}},"120":{"start":{"line":454,"column":6},"end":{"line":464,"column":7}},"121":{"start":{"line":455,"column":24},"end":{"line":455,"column":79}},"122":{"start":{"line":456,"column":8},"end":{"line":461,"column":11}},"123":{"start":{"line":463,"column":8},"end":{"line":463,"column":39}},"124":{"start":{"line":468,"column":26},"end":{"line":516,"column":6}},"125":{"start":{"line":518,"column":4},"end":{"line":548,"column":5}},"126":{"start":{"line":520,"column":21},"end":{"line":527,"column":8}},"127":{"start":{"line":530,"column":6},"end":{"line":546,"column":9}},"128":{"start":{"line":532,"column":8},"end":{"line":534,"column":11}},"129":{"start":{"line":533,"column":10},"end":{"line":533,"column":53}},"130":{"start":{"line":537,"column":26},"end":{"line":537,"column":51}},"131":{"start":{"line":538,"column":8},"end":{"line":543,"column":9}},"132":{"start":{"line":540,"column":49},"end":{"line":540,"column":72}},"133":{"start":{"line":542,"column":10},"end":{"line":542,"column":44}},"134":{"start":{"line":547,"column":6},"end":{"line":547,"column":35}},"135":{"start":{"line":551,"column":4},"end":{"line":551,"column":20}},"136":{"start":{"line":567,"column":2},"end":{"line":721,"column":3}},"137":{"start":{"line":568,"column":20},"end":{"line":568,"column":43}},"138":{"start":{"line":569,"column":21},"end":{"line":569,"column":48}},"139":{"start":{"line":570,"column":35},"end":{"line":570,"column":43}},"140":{"start":{"line":572,"column":28},"end":{"line":574,"column":6}},"141":{"start":{"line":573,"column":6},"end":{"line":573,"column":50}},"142":{"start":{"line":576,"column":4},"end":{"line":582,"column":5}},"143":{"start":{"line":577,"column":6},"end":{"line":580,"column":9}},"144":{"start":{"line":581,"column":6},"end":{"line":581,"column":13}},"145":{"start":{"line":584,"column":4},"end":{"line":587,"column":5}},"146":{"start":{"line":585,"column":6},"end":{"line":585,"column":22}},"147":{"start":{"line":586,"column":6},"end":{"line":586,"column":13}},"148":{"start":{"line":589,"column":4},"end":{"line":597,"column":7}},"149":{"start":{"line":599,"column":31},"end":{"line":599,"column":48}},"150":{"start":{"line":601,"column":4},"end":{"line":627,"column":5}},"151":{"start":{"line":602,"column":26},"end":{"line":602,"column":51}},"152":{"start":{"line":604,"column":6},"end":{"line":626,"column":7}},"153":{"start":{"line":605,"column":8},"end":{"line":625,"column":9}},"154":{"start":{"line":606,"column":10},"end":{"line":613,"column":13}},"155":{"start":{"line":614,"column":10},"end":{"line":624,"column":11}},"156":{"start":{"line":615,"column":28},"end":{"line":615,"column":42}},"157":{"start":{"line":616,"column":12},"end":{"line":621,"column":15}},"158":{"start":{"line":623,"column":12},"end":{"line":623,"column":48}},"159":{"start":{"line":629,"column":25},"end":{"line":713,"column":6}},"160":{"start":{"line":715,"column":17},"end":{"line":715,"column":29}},"161":{"start":{"line":716,"column":4},"end":{"line":716,"column":33}},"162":{"start":{"line":717,"column":4},"end":{"line":717,"column":11}},"163":{"start":{"line":719,"column":4},"end":{"line":719,"column":20}},"164":{"start":{"line":720,"column":4},"end":{"line":720,"column":11}},"165":{"start":{"line":738,"column":2},"end":{"line":893,"column":3}},"166":{"start":{"line":739,"column":20},"end":{"line":739,"column":43}},"167":{"start":{"line":740,"column":21},"end":{"line":740,"column":48}},"168":{"start":{"line":741,"column":55},"end":{"line":741,"column":63}},"169":{"start":{"line":743,"column":28},"end":{"line":745,"column":6}},"170":{"start":{"line":744,"column":6},"end":{"line":744,"column":50}},"171":{"start":{"line":747,"column":4},"end":{"line":753,"column":5}},"172":{"start":{"line":748,"column":6},"end":{"line":751,"column":9}},"173":{"start":{"line":752,"column":6},"end":{"line":752,"column":13}},"174":{"start":{"line":755,"column":4},"end":{"line":758,"column":5}},"175":{"start":{"line":756,"column":6},"end":{"line":756,"column":56}},"176":{"start":{"line":757,"column":6},"end":{"line":757,"column":13}},"177":{"start":{"line":760,"column":4},"end":{"line":763,"column":5}},"178":{"start":{"line":761,"column":6},"end":{"line":761,"column":65}},"179":{"start":{"line":762,"column":6},"end":{"line":762,"column":13}},"180":{"start":{"line":764,"column":21},"end":{"line":764,"column":49}},"181":{"start":{"line":766,"column":4},"end":{"line":775,"column":7}},"182":{"start":{"line":777,"column":25},"end":{"line":856,"column":6}},"183":{"start":{"line":858,"column":4},"end":{"line":869,"column":5}},"184":{"start":{"line":859,"column":29},"end":{"line":859,"column":38}},"185":{"start":{"line":861,"column":6},"end":{"line":868,"column":9}},"186":{"start":{"line":871,"column":31},"end":{"line":871,"column":48}},"187":{"start":{"line":872,"column":4},"end":{"line":885,"column":5}},"188":{"start":{"line":873,"column":26},"end":{"line":873,"column":51}},"189":{"start":{"line":875,"column":6},"end":{"line":884,"column":7}},"190":{"start":{"line":876,"column":24},"end":{"line":876,"column":39}},"191":{"start":{"line":877,"column":8},"end":{"line":882,"column":11}},"192":{"start":{"line":883,"column":8},"end":{"line":883,"column":44}},"193":{"start":{"line":887,"column":17},"end":{"line":887,"column":29}},"194":{"start":{"line":888,"column":4},"end":{"line":888,"column":33}},"195":{"start":{"line":889,"column":4},"end":{"line":889,"column":11}},"196":{"start":{"line":891,"column":4},"end":{"line":891,"column":20}},"197":{"start":{"line":892,"column":4},"end":{"line":892,"column":11}},"198":{"start":{"line":903,"column":2},"end":{"line":931,"column":3}},"199":{"start":{"line":904,"column":21},"end":{"line":904,"column":48}},"200":{"start":{"line":906,"column":4},"end":{"line":910,"column":7}},"201":{"start":{"line":912,"column":4},"end":{"line":916,"column":7}},"202":{"start":{"line":918,"column":4},"end":{"line":922,"column":7}},"203":{"start":{"line":924,"column":4},"end":{"line":926,"column":7}},"204":{"start":{"line":927,"column":4},"end":{"line":927,"column":11}},"205":{"start":{"line":929,"column":4},"end":{"line":929,"column":null}},"206":{"start":{"line":930,"column":4},"end":{"line":930,"column":11}},"207":{"start":{"line":942,"column":2},"end":{"line":1094,"column":3}},"208":{"start":{"line":943,"column":20},"end":{"line":943,"column":43}},"209":{"start":{"line":945,"column":4},"end":{"line":1090,"column":5}},"210":{"start":{"line":946,"column":23},"end":{"line":946,"column":50}},"211":{"start":{"line":947,"column":26},"end":{"line":956,"column":8}},"212":{"start":{"line":958,"column":6},"end":{"line":963,"column":7}},"213":{"start":{"line":959,"column":8},"end":{"line":961,"column":72}},"214":{"start":{"line":962,"column":8},"end":{"line":962,"column":15}},"215":{"start":{"line":965,"column":22},"end":{"line":1016,"column":8}},"216":{"start":{"line":1018,"column":19},"end":{"line":1018,"column":26}},"217":{"start":{"line":1019,"column":6},"end":{"line":1019,"column":35}},"218":{"start":{"line":1020,"column":6},"end":{"line":1020,"column":13}},"219":{"start":{"line":1024,"column":22},"end":{"line":1085,"column":8}},"220":{"start":{"line":1087,"column":19},"end":{"line":1087,"column":26}},"221":{"start":{"line":1088,"column":6},"end":{"line":1088,"column":35}},"222":{"start":{"line":1089,"column":6},"end":{"line":1089,"column":13}},"223":{"start":{"line":1092,"column":4},"end":{"line":1092,"column":null}},"224":{"start":{"line":1093,"column":4},"end":{"line":1093,"column":11}},"225":{"start":{"line":1106,"column":2},"end":{"line":1160,"column":3}},"226":{"start":{"line":1107,"column":20},"end":{"line":1107,"column":43}},"227":{"start":{"line":1108,"column":21},"end":{"line":1108,"column":48}},"228":{"start":{"line":1110,"column":54},"end":{"line":1110,"column":62}},"229":{"start":{"line":1113,"column":4},"end":{"line":1116,"column":5}},"230":{"start":{"line":1114,"column":6},"end":{"line":1114,"column":80}},"231":{"start":{"line":1115,"column":6},"end":{"line":1115,"column":13}},"232":{"start":{"line":1119,"column":24},"end":{"line":1128,"column":6}},"233":{"start":{"line":1129,"column":4},"end":{"line":1132,"column":5}},"234":{"start":{"line":1130,"column":6},"end":{"line":1130,"column":73}},"235":{"start":{"line":1131,"column":6},"end":{"line":1131,"column":13}},"236":{"start":{"line":1135,"column":23},"end":{"line":1142,"column":6}},"237":{"start":{"line":1153,"column":17},"end":{"line":1153,"column":27}},"238":{"start":{"line":1154,"column":4},"end":{"line":1154,"column":33}},"239":{"start":{"line":1155,"column":4},"end":{"line":1155,"column":11}},"240":{"start":{"line":1157,"column":4},"end":{"line":1157,"column":null}},"241":{"start":{"line":1158,"column":4},"end":{"line":1158,"column":25}},"242":{"start":{"line":1159,"column":4},"end":{"line":1159,"column":11}},"243":{"start":{"line":1170,"column":2},"end":{"line":1201,"column":3}},"244":{"start":{"line":1171,"column":20},"end":{"line":1175,"column":6}},"245":{"start":{"line":1177,"column":18},"end":{"line":1177,"column":28}},"246":{"start":{"line":1178,"column":4},"end":{"line":1178,"column":31}},"247":{"start":{"line":1180,"column":4},"end":{"line":1198,"column":5}},"248":{"start":{"line":1181,"column":25},"end":{"line":1181,"column":46}},"249":{"start":{"line":1182,"column":6},"end":{"line":1182,"column":38}},"250":{"start":{"line":1184,"column":6},"end":{"line":1197,"column":7}},"251":{"start":{"line":1185,"column":8},"end":{"line":1196,"column":9}},"252":{"start":{"line":1186,"column":10},"end":{"line":1193,"column":13}},"253":{"start":{"line":1195,"column":10},"end":{"line":1195,"column":70}},"254":{"start":{"line":1200,"column":4},"end":{"line":1200,"column":64}},"255":{"start":{"line":1211,"column":14},"end":{"line":1211,"column":24}},"256":{"start":{"line":1212,"column":23},"end":{"line":1212,"column":33}},"257":{"start":{"line":1213,"column":2},"end":{"line":1213,"column":37}},"258":{"start":{"line":1214,"column":28},"end":{"line":1214,"column":66}},"259":{"start":{"line":1216,"column":2},"end":{"line":1219,"column":24}},"260":{"start":{"line":1217,"column":4},"end":{"line":1217,"column":35}},"261":{"start":{"line":1218,"column":4},"end":{"line":1218,"column":67}},"262":{"start":{"line":1228,"column":26},"end":{"line":1245,"column":1}},"263":{"start":{"line":1230,"column":16},"end":{"line":1230,"column":35}},"264":{"start":{"line":1233,"column":14},"end":{"line":1233,"column":24}},"265":{"start":{"line":1236,"column":21},"end":{"line":1236,"column":52}},"266":{"start":{"line":1239,"column":16},"end":{"line":1239,"column":57}},"267":{"start":{"line":1240,"column":18},"end":{"line":1240,"column":75}},"268":{"start":{"line":1241,"column":18},"end":{"line":1241,"column":63}},"269":{"start":{"line":1244,"column":2},"end":{"line":1244,"column":45}}},"fnMap":{"0":{"name":"getPatrol","decl":{"start":{"line":15,"column":22},"end":{"line":15,"column":31}},"loc":{"start":{"line":15,"column":59},"end":{"line":131,"column":1}}},"1":{"name":"getAllPatrols","decl":{"start":{"line":140,"column":22},"end":{"line":140,"column":35}},"loc":{"start":{"line":140,"column":63},"end":{"line":353,"column":1}}},"2":{"name":"(anonymous_3)","decl":{"start":{"line":158,"column":49},"end":{"line":158,"column":50}},"loc":{"start":{"line":158,"column":57},"end":{"line":158,"column":70}}},"3":{"name":"mapSearchToStatus","decl":{"start":{"line":193,"column":15},"end":{"line":193,"column":32}},"loc":{"start":{"line":193,"column":47},"end":{"line":209,"column":7}}},"4":{"name":"(anonymous_5)","decl":{"start":{"line":314,"column":23},"end":{"line":314,"column":29}},"loc":{"start":{"line":314,"column":32},"end":{"line":342,"column":5}}},"5":{"name":"(anonymous_6)","decl":{"start":{"line":327,"column":38},"end":{"line":327,"column":53}},"loc":{"start":{"line":327,"column":56},"end":{"line":341,"column":7}}},"6":{"name":"(anonymous_7)","decl":{"start":{"line":329,"column":48},"end":{"line":329,"column":52}},"loc":{"start":{"line":329,"column":55},"end":{"line":333,"column":9}}},"7":{"name":"(anonymous_8)","decl":{"start":{"line":330,"column":33},"end":{"line":330,"column":42}},"loc":{"start":{"line":330,"column":45},"end":{"line":332,"column":11}}},"8":{"name":"(anonymous_9)","decl":{"start":{"line":338,"column":68},"end":{"line":338,"column":69}},"loc":{"start":{"line":338,"column":82},"end":{"line":338,"column":105}}},"9":{"name":"getPatrolUser","decl":{"start":{"line":355,"column":22},"end":{"line":355,"column":35}},"loc":{"start":{"line":355,"column":63},"end":{"line":400,"column":1}}},"10":{"name":"(anonymous_11)","decl":{"start":{"line":385,"column":33},"end":{"line":385,"column":34}},"loc":{"start":{"line":385,"column":40},"end":{"line":387,"column":5}}},"11":{"name":"(anonymous_12)","decl":{"start":{"line":390,"column":27},"end":{"line":390,"column":28}},"loc":{"start":{"line":391,"column":6},"end":{"line":391,"column":67}}},"12":{"name":"(anonymous_13)","decl":{"start":{"line":391,"column":31},"end":{"line":391,"column":32}},"loc":{"start":{"line":391,"column":38},"end":{"line":391,"column":66}}},"13":{"name":"createPatrol","decl":{"start":{"line":412,"column":22},"end":{"line":412,"column":34}},"loc":{"start":{"line":412,"column":62},"end":{"line":553,"column":1}}},"14":{"name":"(anonymous_15)","decl":{"start":{"line":530,"column":45},"end":{"line":530,"column":46}},"loc":{"start":{"line":530,"column":65},"end":{"line":546,"column":7}}},"15":{"name":"(anonymous_16)","decl":{"start":{"line":532,"column":48},"end":{"line":532,"column":49}},"loc":{"start":{"line":532,"column":57},"end":{"line":534,"column":9}}},"16":{"name":"(anonymous_17)","decl":{"start":{"line":540,"column":34},"end":{"line":540,"column":35}},"loc":{"start":{"line":540,"column":49},"end":{"line":540,"column":72}}},"17":{"name":"startPatrol","decl":{"start":{"line":566,"column":22},"end":{"line":566,"column":33}},"loc":{"start":{"line":566,"column":61},"end":{"line":722,"column":1}}},"18":{"name":"(anonymous_19)","decl":{"start":{"line":572,"column":44},"end":{"line":572,"column":45}},"loc":{"start":{"line":572,"column":66},"end":{"line":574,"column":5}}},"19":{"name":"finishPatrol","decl":{"start":{"line":737,"column":22},"end":{"line":737,"column":34}},"loc":{"start":{"line":737,"column":62},"end":{"line":894,"column":1}}},"20":{"name":"(anonymous_21)","decl":{"start":{"line":743,"column":44},"end":{"line":743,"column":45}},"loc":{"start":{"line":743,"column":66},"end":{"line":745,"column":5}}},"21":{"name":"removePatrol","decl":{"start":{"line":902,"column":22},"end":{"line":902,"column":34}},"loc":{"start":{"line":902,"column":62},"end":{"line":932,"column":1}}},"22":{"name":"getAllPatrolDefects","decl":{"start":{"line":941,"column":22},"end":{"line":941,"column":41}},"loc":{"start":{"line":941,"column":69},"end":{"line":1095,"column":1}}},"23":{"name":"commentPatrol","decl":{"start":{"line":1105,"column":22},"end":{"line":1105,"column":35}},"loc":{"start":{"line":1105,"column":63},"end":{"line":1161,"column":1}}},"24":{"name":"checkAndUpdatePendingPatrols","decl":{"start":{"line":1169,"column":22},"end":{"line":1169,"column":50}},"loc":{"start":{"line":1169,"column":50},"end":{"line":1202,"column":1}}},"25":{"name":"schedulePatrolStatusUpdate","decl":{"start":{"line":1210,"column":16},"end":{"line":1210,"column":42}},"loc":{"start":{"line":1210,"column":42},"end":{"line":1220,"column":1}}},"26":{"name":"(anonymous_27)","decl":{"start":{"line":1216,"column":13},"end":{"line":1216,"column":16}},"loc":{"start":{"line":1216,"column":18},"end":{"line":1219,"column":3}}},"27":{"name":"(anonymous_28)","decl":{"start":{"line":1228,"column":26},"end":{"line":1228,"column":27}},"loc":{"start":{"line":1228,"column":56},"end":{"line":1245,"column":1}}}},"branchMap":{"0":{"loc":{"start":{"line":34,"column":16},"end":{"line":42,"column":21}},"type":"cond-expr","locations":[{"start":{"line":35,"column":12},"end":{"line":41,"column":null}},{"start":{"line":42,"column":12},"end":{"line":42,"column":21}}]},"1":{"loc":{"start":{"line":91,"column":17},"end":{"line":115,"column":21}},"type":"cond-expr","locations":[{"start":{"line":92,"column":12},"end":{"line":114,"column":null}},{"start":{"line":115,"column":12},"end":{"line":115,"column":21}}]},"2":{"loc":{"start":{"line":119,"column":4},"end":{"line":122,"column":5}},"type":"if","locations":[{"start":{"line":119,"column":4},"end":{"line":122,"column":5}}]},"3":{"loc":{"start":{"line":156,"column":4},"end":{"line":161,"column":5}},"type":"if","locations":[{"start":{"line":156,"column":4},"end":{"line":161,"column":5}}]},"4":{"loc":{"start":{"line":164,"column":4},"end":{"line":170,"column":5}},"type":"if","locations":[{"start":{"line":164,"column":4},"end":{"line":170,"column":5}}]},"5":{"loc":{"start":{"line":173,"column":4},"end":{"line":187,"column":5}},"type":"if","locations":[{"start":{"line":173,"column":4},"end":{"line":187,"column":5}}]},"6":{"loc":{"start":{"line":173,"column":8},"end":{"line":173,"column":28}},"type":"binary-expr","locations":[{"start":{"line":173,"column":8},"end":{"line":173,"column":17}},{"start":{"line":173,"column":21},"end":{"line":173,"column":28}}]},"7":{"loc":{"start":{"line":177,"column":6},"end":{"line":186,"column":7}},"type":"if","locations":[{"start":{"line":177,"column":6},"end":{"line":186,"column":7}},{"start":{"line":184,"column":13},"end":{"line":186,"column":7}}]},"8":{"loc":{"start":{"line":177,"column":10},"end":{"line":177,"column":58}},"type":"binary-expr","locations":[{"start":{"line":177,"column":10},"end":{"line":177,"column":33}},{"start":{"line":177,"column":37},"end":{"line":177,"column":58}}]},"9":{"loc":{"start":{"line":190,"column":4},"end":{"line":251,"column":5}},"type":"if","locations":[{"start":{"line":190,"column":4},"end":{"line":251,"column":5}}]},"10":{"loc":{"start":{"line":197,"column":8},"end":{"line":205,"column":9}},"type":"if","locations":[{"start":{"line":197,"column":8},"end":{"line":205,"column":9}},{"start":{"line":199,"column":15},"end":{"line":205,"column":9}}]},"11":{"loc":{"start":{"line":199,"column":15},"end":{"line":205,"column":9}},"type":"if","locations":[{"start":{"line":199,"column":15},"end":{"line":205,"column":9}},{"start":{"line":201,"column":15},"end":{"line":205,"column":9}}]},"12":{"loc":{"start":{"line":201,"column":15},"end":{"line":205,"column":9}},"type":"if","locations":[{"start":{"line":201,"column":15},"end":{"line":205,"column":9}},{"start":{"line":203,"column":15},"end":{"line":205,"column":9}}]},"13":{"loc":{"start":{"line":203,"column":15},"end":{"line":205,"column":9}},"type":"if","locations":[{"start":{"line":203,"column":15},"end":{"line":205,"column":9}}]},"14":{"loc":{"start":{"line":215,"column":6},"end":{"line":217,"column":7}},"type":"if","locations":[{"start":{"line":215,"column":6},"end":{"line":217,"column":7}}]},"15":{"loc":{"start":{"line":220,"column":6},"end":{"line":222,"column":7}},"type":"if","locations":[{"start":{"line":220,"column":6},"end":{"line":222,"column":7}}]},"16":{"loc":{"start":{"line":248,"column":6},"end":{"line":250,"column":7}},"type":"if","locations":[{"start":{"line":248,"column":6},"end":{"line":250,"column":7}}]},"17":{"loc":{"start":{"line":254,"column":4},"end":{"line":256,"column":5}},"type":"if","locations":[{"start":{"line":254,"column":4},"end":{"line":256,"column":5}}]},"18":{"loc":{"start":{"line":315,"column":6},"end":{"line":324,"column":7}},"type":"if","locations":[{"start":{"line":315,"column":6},"end":{"line":324,"column":7}}]},"19":{"loc":{"start":{"line":338,"column":8},"end":{"line":340,"column":9}},"type":"if","locations":[{"start":{"line":338,"column":8},"end":{"line":340,"column":9}}]},"20":{"loc":{"start":{"line":338,"column":12},"end":{"line":338,"column":106}},"type":"binary-expr","locations":[{"start":{"line":338,"column":12},"end":{"line":338,"column":21}},{"start":{"line":338,"column":25},"end":{"line":338,"column":106}}]},"21":{"loc":{"start":{"line":416,"column":4},"end":{"line":419,"column":5}},"type":"if","locations":[{"start":{"line":416,"column":4},"end":{"line":419,"column":5}}]},"22":{"loc":{"start":{"line":416,"column":8},"end":{"line":416,"column":41}},"type":"binary-expr","locations":[{"start":{"line":416,"column":8},"end":{"line":416,"column":13}},{"start":{"line":416,"column":17},"end":{"line":416,"column":26}},{"start":{"line":416,"column":30},"end":{"line":416,"column":41}}]},"23":{"loc":{"start":{"line":427,"column":6},"end":{"line":427,"column":72}},"type":"cond-expr","locations":[{"start":{"line":427,"column":49},"end":{"line":427,"column":60}},{"start":{"line":427,"column":63},"end":{"line":427,"column":72}}]},"24":{"loc":{"start":{"line":442,"column":6},"end":{"line":444,"column":7}},"type":"if","locations":[{"start":{"line":442,"column":6},"end":{"line":444,"column":7}}]},"25":{"loc":{"start":{"line":442,"column":10},"end":{"line":442,"column":33}},"type":"binary-expr","locations":[{"start":{"line":442,"column":10},"end":{"line":442,"column":22}},{"start":{"line":442,"column":26},"end":{"line":442,"column":33}}]},"26":{"loc":{"start":{"line":454,"column":6},"end":{"line":464,"column":7}},"type":"if","locations":[{"start":{"line":454,"column":6},"end":{"line":464,"column":7}}]},"27":{"loc":{"start":{"line":518,"column":4},"end":{"line":548,"column":5}},"type":"if","locations":[{"start":{"line":518,"column":4},"end":{"line":548,"column":5}}]},"28":{"loc":{"start":{"line":538,"column":8},"end":{"line":543,"column":9}},"type":"if","locations":[{"start":{"line":538,"column":8},"end":{"line":543,"column":9}}]},"29":{"loc":{"start":{"line":539,"column":10},"end":{"line":540,"column":73}},"type":"binary-expr","locations":[{"start":{"line":539,"column":10},"end":{"line":539,"column":19}},{"start":{"line":540,"column":10},"end":{"line":540,"column":73}}]},"30":{"loc":{"start":{"line":576,"column":4},"end":{"line":582,"column":5}},"type":"if","locations":[{"start":{"line":576,"column":4},"end":{"line":582,"column":5}}]},"31":{"loc":{"start":{"line":584,"column":4},"end":{"line":587,"column":5}},"type":"if","locations":[{"start":{"line":584,"column":4},"end":{"line":587,"column":5}}]},"32":{"loc":{"start":{"line":584,"column":8},"end":{"line":584,"column":56}},"type":"binary-expr","locations":[{"start":{"line":584,"column":8},"end":{"line":584,"column":15}},{"start":{"line":584,"column":19},"end":{"line":584,"column":30}},{"start":{"line":584,"column":34},"end":{"line":584,"column":56}}]},"33":{"loc":{"start":{"line":614,"column":10},"end":{"line":624,"column":11}},"type":"if","locations":[{"start":{"line":614,"column":10},"end":{"line":624,"column":11}}]},"34":{"loc":{"start":{"line":747,"column":4},"end":{"line":753,"column":5}},"type":"if","locations":[{"start":{"line":747,"column":4},"end":{"line":753,"column":5}}]},"35":{"loc":{"start":{"line":755,"column":4},"end":{"line":758,"column":5}},"type":"if","locations":[{"start":{"line":755,"column":4},"end":{"line":758,"column":5}}]},"36":{"loc":{"start":{"line":755,"column":8},"end":{"line":755,"column":31}},"type":"binary-expr","locations":[{"start":{"line":755,"column":8},"end":{"line":755,"column":19}},{"start":{"line":755,"column":23},"end":{"line":755,"column":31}}]},"37":{"loc":{"start":{"line":760,"column":4},"end":{"line":763,"column":5}},"type":"if","locations":[{"start":{"line":760,"column":4},"end":{"line":763,"column":5}}]},"38":{"loc":{"start":{"line":875,"column":6},"end":{"line":884,"column":7}},"type":"if","locations":[{"start":{"line":875,"column":6},"end":{"line":884,"column":7}}]},"39":{"loc":{"start":{"line":945,"column":4},"end":{"line":1090,"column":5}},"type":"if","locations":[{"start":{"line":945,"column":4},"end":{"line":1090,"column":5}},{"start":{"line":1022,"column":9},"end":{"line":1090,"column":5}}]},"40":{"loc":{"start":{"line":958,"column":6},"end":{"line":963,"column":7}},"type":"if","locations":[{"start":{"line":958,"column":6},"end":{"line":963,"column":7}}]},"41":{"loc":{"start":{"line":1113,"column":4},"end":{"line":1116,"column":5}},"type":"if","locations":[{"start":{"line":1113,"column":4},"end":{"line":1116,"column":5}}]},"42":{"loc":{"start":{"line":1113,"column":8},"end":{"line":1113,"column":35}},"type":"binary-expr","locations":[{"start":{"line":1113,"column":8},"end":{"line":1113,"column":16}},{"start":{"line":1113,"column":20},"end":{"line":1113,"column":35}}]},"43":{"loc":{"start":{"line":1129,"column":4},"end":{"line":1132,"column":5}},"type":"if","locations":[{"start":{"line":1129,"column":4},"end":{"line":1132,"column":5}}]},"44":{"loc":{"start":{"line":1184,"column":6},"end":{"line":1197,"column":7}},"type":"if","locations":[{"start":{"line":1184,"column":6},"end":{"line":1197,"column":7}}]}},"s":{"0":1,"1":1,"2":1,"3":1,"4":1,"5":1,"6":1,"7":1,"8":1,"9":1,"10":1,"11":1,"12":1,"13":1,"14":1,"15":1,"16":1,"17":1,"18":1,"19":1,"20":1,"21":0,"22":0,"23":1,"24":1,"25":1,"26":0,"27":0,"28":1,"29":1,"30":1,"31":1,"32":1,"33":1,"34":1,"35":1,"36":1,"37":1,"38":1,"39":0,"40":1,"41":0,"42":0,"43":0,"44":0,"45":0,"46":1,"47":0,"48":0,"49":0,"50":0,"51":0,"52":0,"53":0,"54":0,"55":0,"56":0,"57":0,"58":0,"59":0,"60":0,"61":0,"62":0,"63":0,"64":0,"65":0,"66":0,"67":0,"68":1,"69":1,"70":1,"71":1,"72":1,"73":1,"74":1,"75":1,"76":1,"77":2,"78":4,"79":8,"80":2,"81":2,"82":2,"83":1,"84":2,"85":1,"86":1,"87":1,"88":0,"89":0,"90":0,"91":0,"92":0,"93":0,"94":0,"95":0,"96":0,"97":0,"98":0,"99":0,"100":0,"101":0,"102":0,"103":1,"104":1,"105":1,"106":0,"107":0,"108":1,"109":1,"110":1,"111":1,"112":1,"113":1,"114":1,"115":1,"116":2,"117":2,"118":0,"119":2,"120":2,"121":1,"122":1,"123":1,"124":1,"125":1,"126":1,"127":1,"128":2,"129":5,"130":2,"131":2,"132":1,"133":1,"134":1,"135":0,"136":1,"137":1,"138":1,"139":1,"140":1,"141":1,"142":1,"143":0,"144":0,"145":1,"146":0,"147":0,"148":1,"149":1,"150":1,"151":2,"152":2,"153":5,"154":11,"155":11,"156":2,"157":2,"158":2,"159":1,"160":1,"161":1,"162":1,"163":0,"164":0,"165":1,"166":1,"167":1,"168":1,"169":1,"170":1,"171":1,"172":0,"173":0,"174":1,"175":0,"176":0,"177":1,"178":0,"179":0,"180":1,"181":1,"182":1,"183":1,"184":8,"185":8,"186":1,"187":1,"188":2,"189":2,"190":1,"191":1,"192":1,"193":1,"194":1,"195":1,"196":0,"197":0,"198":1,"199":1,"200":1,"201":1,"202":1,"203":1,"204":1,"205":0,"206":0,"207":1,"208":1,"209":1,"210":1,"211":1,"212":1,"213":0,"214":0,"215":1,"216":1,"217":1,"218":1,"219":0,"220":0,"221":0,"222":0,"223":0,"224":0,"225":1,"226":1,"227":1,"228":1,"229":1,"230":0,"231":0,"232":1,"233":1,"234":0,"235":0,"236":1,"237":1,"238":1,"239":1,"240":0,"241":0,"242":0,"243":0,"244":0,"245":0,"246":0,"247":0,"248":0,"249":0,"250":0,"251":0,"252":0,"253":0,"254":0,"255":0,"256":0,"257":0,"258":0,"259":0,"260":0,"261":0,"262":1,"263":1,"264":1,"265":1,"266":1,"267":1,"268":1,"269":1},"f":{"0":1,"1":1,"2":1,"3":0,"4":1,"5":2,"6":4,"7":8,"8":1,"9":0,"10":0,"11":0,"12":0,"13":1,"14":2,"15":5,"16":1,"17":1,"18":1,"19":1,"20":1,"21":1,"22":1,"23":1,"24":0,"25":0,"26":0,"27":1},"b":{"0":[1,0],"1":[1,0],"2":[0],"3":[1],"4":[0],"5":[0],"6":[1,0],"7":[0,0],"8":[0,0],"9":[0],"10":[0,0],"11":[0,0],"12":[0,0],"13":[0],"14":[0],"15":[0],"16":[0],"17":[1],"18":[1],"19":[2],"20":[2,2],"21":[0],"22":[1,1,1],"23":[0,1],"24":[0],"25":[2,2],"26":[1],"27":[1],"28":[1],"29":[2,2],"30":[0],"31":[0],"32":[1,1,1],"33":[2],"34":[0],"35":[0],"36":[1,1],"37":[0],"38":[1],"39":[1,0],"40":[0],"41":[0],"42":[1,1],"43":[0],"44":[0]}}
[...]
:66}},"30":{"start":{"line":46,"column":19},"end":{"line":46,"column":77}},"31":{"start":{"line":47,"column":16},"end":{"line":47,"column":45}},"32":{"start":{"line":48,"column":16},"end":{"line":48,"column":35}},"33":{"start":{"line":49,"column":18},"end":{"line":49,"column":85}},"34":{"start":{"line":51,"column":4},"end":{"line":56,"column":7}},"35":{"start":{"line":58,"column":4},"end":{"line":58,"column":62}},"36":{"start":{"line":59,"column":4},"end":{"line":59,"column":10}},"37":{"start":{"line":61,"column":4},"end":{"line":61,"column":70}},"38":{"start":{"line":73,"column":2},"end":{"line":85,"column":3}},"39":{"start":{"line":75,"column":4},"end":{"line":79,"column":7}},"40":{"start":{"line":80,"column":4},"end":{"line":80,"column":59}},"41":{"start":{"line":81,"column":4},"end":{"line":81,"column":10}},"42":{"start":{"line":83,"column":4},"end":{"line":83,"column":70}},"43":{"start":{"line":84,"column":4},"end":{"line":84,"column":10}},"44":{"start":{"line":97,"column":16},"end":{"line":97,"column":37}},"45":{"start":{"line":99,"column":2},"end":{"line":102,"column":3}},"46":{"start":{"line":100,"column":4},"end":{"line":100,"column":74}},"47":{"start":{"line":101,"column":4},"end":{"line":101,"column":11}},"48":{"start":{"line":104,"column":2},"end":{"line":112,"column":3}},"49":{"start":{"line":105,"column":22},"end":{"line":105,"column":66}},"50":{"start":{"line":106,"column":20},"end":{"line":106,"column":48}},"51":{"start":{"line":107,"column":4},"end":{"line":107,"column":23}},"52":{"start":{"line":108,"column":4},"end":{"line":108,"column":11}},"53":{"start":{"line":110,"column":4},"end":{"line":110,"column":null}},"54":{"start":{"line":111,"column":4},"end":{"line":111,"column":10}},"55":{"start":{"line":124,"column":16},"end":{"line":132,"column":2}},"56":{"start":{"line":126,"column":4},"end":{"line":126,"column":31}},"57":{"start":{"line":129,"column":25},"end":{"line":129,"column":61}},"58":{"start":{"line":130,"column":4},"end":{"line":130,"column":33}},"59":{"start":{"line":135,"column":13},"end":{"line":135,"column":51}},"60":{"start":{"line":144,"column":2},"end":{"line":156,"column":3}},"61":{"start":{"line":145,"column":20},"end":{"line":145,"column":43}},"62":{"start":{"line":147,"column":26},"end":{"line":150,"column":6}},"63":{"start":{"line":151,"column":17},"end":{"line":151,"column":30}},"64":{"start":{"line":153,"column":4},"end":{"line":153,"column":33}},"65":{"start":{"line":155,"column":4},"end":{"line":155,"column":null}},"66":{"start":{"line":166,"column":2},"end":{"line":200,"column":3}},"67":{"start":{"line":167,"column":25},"end":{"line":176,"column":6}},"68":{"start":{"line":178,"column":17},"end":{"line":181,"column":6}},"69":{"start":{"line":184,"column":4},"end":{"line":189,"column":5}},"70":{"start":{"line":185,"column":27},"end":{"line":185,"column":45}},"71":{"start":{"line":186,"column":27},"end":{"line":186,"column":91}},"72":{"start":{"line":188,"column":6},"end":{"line":188,"column":62}},"73":{"start":{"line":191,"column":17},"end":{"line":191,"column":29}},"74":{"start":{"line":194,"column":15},"end":{"line":194,"column":30}},"75":{"start":{"line":195,"column":4},"end":{"line":195,"column":51}},"76":{"start":{"line":197,"column":4},"end":{"line":197,"column":24}},"77":{"start":{"line":199,"column":4},"end":{"line":199,"column":56}},"78":{"start":{"line":210,"column":2},"end":{"line":219,"column":3}},"79":{"start":{"line":211,"column":19},"end":{"line":211,"column":29}},"80":{"start":{"line":212,"column":25},"end":{"line":215,"column":6}},"81":{"start":{"line":216,"column":4},"end":{"line":216,"column":39}},"82":{"start":{"line":218,"column":4},"end":{"line":218,"column":null}},"83":{"start":{"line":230,"column":2},"end":{"line":239,"column":3}},"84":{"start":{"line":231,"column":20},"end":{"line":231,"column":43}},"85":{"start":{"line":232,"column":4},"end":{"line":235,"column":7}},"86":{"start":{"line":236,"column":4},"end":{"line":236,"column":74}},"87":{"start":{"line":238,"column":4},"end":{"line":238,"column":null}},"88":{"start":{"line":244,"column":2},"end":{"line":268,"column":3}},"89":{"start":{"line":245,"column":19},"end":{"line":245,"column":29}},"90":{"start":{"line":248,"column":25},"end":{"line":253,"column":6}},"91":{"start":{"line":255,"column":4},"end":{"line":257,"column":5}},"92":{"start":{"line":256,"column":6},"end":{"line":256,"column":80}},"93":{"start":{"line":260,"column":4},"end":{"line":263,"column":7}},"94":{"start":{"line":265,"column":4},"end":{"line":265,"column":69}},"95":{"start":{"line":267,"column":4},"end":{"line":267,"column":null}},"96":{"start":{"line":279,"column":2},"end":{"line":292,"column":3}},"97":{"start":{"line":280,"column":25},"end":{"line":280,"column":35}},"98":{"start":{"line":281,"column":4},"end":{"line":281,"column":53}},"99":{"start":{"line":283,"column":4},"end":{"line":289,"column":7}},"100":{"start":{"line":291,"column":4},"end":{"line":291,"column":62}},"101":{"start":{"line":303,"column":2},"end":{"line":314,"column":3}},"102":{"start":{"line":304,"column":19},"end":{"line":304,"column":29}},"103":{"start":{"line":305,"column":4},"end":{"line":309,"column":7}},"104":{"start":{"line":310,"column":4},"end":{"line":310,"column":null}},"105":{"start":{"line":311,"column":4},"end":{"line":311,"column":10}},"106":{"start":{"line":313,"column":4},"end":{"line":313,"column":57}},"107":{"start":{"line":325,"column":18},"end":{"line":325,"column":41}},"108":{"start":{"line":326,"column":2},"end":{"line":336,"column":3}},"109":{"start":{"line":327,"column":4},"end":{"line":331,"column":7}},"110":{"start":{"line":332,"column":4},"end":{"line":332,"column":null}},"111":{"start":{"line":333,"column":4},"end":{"line":333,"column":10}},"112":{"start":{"line":335,"column":4},"end":{"line":335,"column":57}},"113":{"start":{"line":340,"column":20},"end":{"line":346,"column":2}},"114":{"start":{"line":358,"column":2},"end":{"line":367,"column":3}},"115":{"start":{"line":359,"column":4},"end":{"line":364,"column":7}},"116":{"start":{"line":366,"column":4},"end":{"line":366,"column":49}},"117":{"start":{"line":378,"column":2},"end":{"line":386,"column":4}},"118":{"start":{"line":379,"column":22},"end":{"line":379,"column":43}},"119":{"start":{"line":381,"column":4},"end":{"line":384,"column":5}},"120":{"start":{"line":382,"column":6},"end":{"line":382,"column":104}},"121":{"start":{"line":383,"column":6},"end":{"line":383,"column":13}},"122":{"start":{"line":385,"column":4},"end":{"line":385,"column":11}}},"fnMap":{"0":{"name":"login","decl":{"start":{"line":23,"column":22},"end":{"line":23,"column":27}},"loc":{"start":{"line":23,"column":55},"end":{"line":64,"column":1}}},"1":{"name":"logout","decl":{"start":{"line":72,"column":22},"end":{"line":72,"column":28}},"loc":{"start":{"line":72,"column":56},"end":{"line":86,"column":1}}},"2":{"name":"authenticateUser","decl":{"start":{"line":96,"column":16},"end":{"line":96,"column":32}},"loc":{"start":{"line":96,"column":80},"end":{"line":113,"column":1}}},"3":{"name":"(anonymous_4)","decl":{"start":{"line":125,"column":15},"end":{"line":125,"column":25}},"loc":{"start":{"line":125,"column":44},"end":{"line":127,"column":3}}},"4":{"name":"(anonymous_5)","decl":{"start":{"line":128,"column":12},"end":{"line":128,"column":22}},"loc":{"start":{"line":128,"column":41},"end":{"line":131,"column":3}}},"5":{"name":"getNotifications","decl":{"start":{"line":143,"column":22},"end":{"line":143,"column":38}},"loc":{"start":{"line":143,"column":66},"end":{"line":157,"column":1}}},"6":{"name":"createNotification","decl":{"start":{"line":165,"column":22},"end":{"line":165,"column":40}},"loc":{"start":{"line":165,"column":76},"end":{"line":201,"column":1}}},"7":{"name":"updateNotification","decl":{"start":{"line":209,"column":22},"end":{"line":209,"column":40}},"loc":{"start":{"line":209,"column":68},"end":{"line":220,"column":1}}},"8":{"name":"markAllAsRead","decl":{"start":{"line":229,"column":22},"end":{"line":229,"column":35}},"loc":{"start":{"line":229,"column":63},"end":{"line":240,"column":1}}},"9":{"name":"markAsRead","decl":{"start":{"line":243,"column":22},"end":{"line":243,"column":32}},"loc":{"start":{"line":243,"column":60},"end":{"line":269,"column":1}}},"10":{"name":"removeOldNotifications","decl":{"start":{"line":278,"column":22},"end":{"line":278,"column":44}},"loc":{"start":{"line":278,"column":44},"end":{"line":293,"column":1}}},"11":{"name":"removeNotification","decl":{"start":{"line":302,"column":22},"end":{"line":302,"column":40}},"loc":{"start":{"line":302,"column":68},"end":{"line":315,"column":1}}},"12":{"name":"removeAllNotifications","decl":{"start":{"line":324,"column":22},"end":{"line":324,"column":44}},"loc":{"start":{"line":324,"column":72},"end":{"line":337,"column":1}}},"13":{"name":"sendEmail","decl":{"start":{"line":357,"column":22},"end":{"line":357,"column":31}},"loc":{"start":{"line":357,"column":79},"end":{"line":368,"column":1}}},"14":{"name":"authorzied","decl":{"start":{"line":377,"column":16},"end":{"line":377,"column":26}},"loc":{"start":{"line":377,"column":49},"end":{"line":387,"column":1}}},"15":{"name":"(anonymous_16)","decl":{"start":{"line":378,"column":9},"end":{"line":378,"column":10}},"loc":{"start":{"line":378,"column":61},"end":{"line":386,"column":3}}}},"branchMap":{"0":{"loc":{"start":{"line":31,"column":4},"end":{"line":34,"column":5}},"type":"if","locations":[{"start":{"line":31,"column":4},"end":{"line":34,"column":5}}]},"1":{"loc":{"start":{"line":39,"column":4},"end":{"line":42,"column":5}},"type":"if","locations":[{"start":{"line":39,"column":4},"end":{"line":42,"column":5}}]},"2":{"loc":{"start":{"line":45,"column":22},"end":{"line":45,"column":66}},"type":"binary-expr","locations":[{"start":{"line":45,"column":22},"end":{"line":45,"column":44}},{"start":{"line":45,"column":48},"end":{"line":45,"column":66}}]},"3":{"loc":{"start":{"line":46,"column":19},"end":{"line":46,"column":77}},"type":"cond-expr","locations":[{"start":{"line":46,"column":32},"end":{"line":46,"column":56}},{"start":{"line":46,"column":59},"end":{"line":46,"column":77}}]},"4":{"loc":{"start":{"line":53,"column":14},"end":{"line":53,"column":66}},"type":"cond-expr","locations":[{"start":{"line":53,"column":54},"end":{"line":53,"column":58}},{"start":{"line":53,"column":61},"end":{"line":53,"column":66}}]},"5":{"loc":{"start":{"line":54,"column":16},"end":{"line":54,"column":70}},"type":"cond-expr","locations":[{"start":{"line":54,"column":56},"end":{"line":54,"column":62}},{"start":{"line":54,"column":65},"end":{"line":54,"column":70}}]},"6":{"loc":{"start":{"line":77,"column":14},"end":{"line":77,"column":66}},"type":"cond-expr","locations":[{"start":{"line":77,"column":54},"end":{"line":77,"column":58}},{"start":{"line":77,"column":61},"end":{"line":77,"column":66}}]},"7":{"loc":{"start":{"line":78,"column":16},"end":{"line":78,"column":70}},"type":"cond-expr","locations":[{"start":{"line":78,"column":56},"end":{"line":78,"column":62}},{"start":{"line":78,"column":65},"end":{"line":78,"column":70}}]},"8":{"loc":{"start":{"line":99,"column":2},"end":{"line":102,"column":3}},"type":"if","locations":[{"start":{"line":99,"column":2},"end":{"line":102,"column":3}}]},"9":{"loc":{"start":{"line":105,"column":22},"end":{"line":105,"column":66}},"type":"binary-expr","locations":[{"start":{"line":105,"column":22},"end":{"line":105,"column":44}},{"start":{"line":105,"column":48},"end":{"line":105,"column":66}}]},"10":{"loc":{"start":{"line":184,"column":4},"end":{"line":189,"column":5}},"type":"if","locations":[{"start":{"line":184,"column":4},"end":{"line":189,"column":5}}]},"11":{"loc":{"start":{"line":255,"column":4},"end":{"line":257,"column":5}},"type":"if","locations":[{"start":{"line":255,"column":4},"end":{"line":257,"column":5}}]},"12":{"loc":{"start":{"line":381,"column":4},"end":{"line":384,"column":5}},"type":"if","locations":[{"start":{"line":381,"column":4},"end":{"line":384,"column":5}}]}},"s":{"0":4,"1":4,"2":4,"3":4,"4":4,"5":4,"6":4,"7":4,"8":4,"9":4,"10":4,"11":4,"12":4,"13":4,"14":4,"15":4,"16":4,"17":4,"18":4,"19":1,"20":1,"21":1,"22":1,"23":0,"24":0,"25":1,"26":1,"27":0,"28":0,"29":1,"30":1,"31":1,"32":1,"33":1,"34":1,"35":1,"36":1,"37":0,"38":1,"39":1,"40":1,"41":1,"42":0,"43":0,"44":1,"45":1,"46":0,"47":0,"48":1,"49":1,"50":1,"51":1,"52":1,"53":0,"54":0,"55":4,"56":0,"57":0,"58":0,"59":4,"60":1,"61":1,"62":1,"63":1,"64":1,"65":0,"66":0,"67":0,"68":0,"69":0,"70":0,"71":0,"72":0,"73":0,"74":0,"75":0,"76":0,"77":0,"78":1,"79":1,"80":1,"81":1,"82":0,"83":1,"84":1,"85":1,"86":1,"87":0,"88":0,"89":0,"90":0,"91":0,"92":0,"93":0,"94":0,"95":0,"96":1,"97":1,"98":1,"99":1,"100":0,"101":0,"102":0,"103":0,"104":0,"105":0,"106":0,"107":1,"108":1,"109":1,"110":1,"111":1,"112":0,"113":4,"114":0,"115":0,"116":0,"117":1,"118":1,"119":1,"120":0,"121":0,"122":1},"f":{"0":1,"1":1,"2":1,"3":0,"4":0,"5":1,"6":0,"7":1,"8":1,"9":0,"10":1,"11":0,"12":1,"13":0,"14":1,"15":1},"b":{"0":[0],"1":[0],"2":[1,1],"3":[1,0],"4":[0,1],"5":[0,1],"6":[0,1],"7":[0,1],"8":[0],"9":[1,1],"10":[0],"11":[0],"12":[0]}}
,"C:\\Users\\User\\Documents\\CodeClimate\\TEAM6-DENSY\\server\\src\\Utils\\socket.ts": {"path":"C:\\Users\\User\\Documents\\CodeClimate\\TEAM6-DENSY\\server\\src\\Utils\\socket.ts","statementMap":{"0":{"start":{"line":6,"column":0},"end":{"line":6,"column":16}},"1":{"start":{"line":32,"column":0},"end":{"line":32,"column":16}},"2":{"start":{"line":1,"column":0},"end":{"line":1,"column":35}},"3":{"start":{"line":7,"column":4},"end":{"line":13,"column":7}},"4":{"start":{"line":15,"column":4},"end":{"line":27,"column":7}},"5":{"start":{"line":17,"column":8},"end":{"line":21,"column":11}},"6":{"start":{"line":18,"column":12},"end":{"line":18,"column":32}},"7":{"start":{"line":19,"column":12},"end":{"line":19,"column":61}},"8":{"start":{"line":23,"column":8},"end":{"line":25,"column":11}},"9":{"start":{"line":24,"column":12},"end":{"line":24,"column":73}},"10":{"start":{"line":29,"column":4},"end":{"line":29,"column":14}},"11":{"start":{"line":33,"column":4},"end":{"line":33,"column":14}}},"fnMap":{"0":{"name":"initSocketIO","decl":{"start":{"line":6,"column":16},"end":{"line":6,"column":28}},"loc":{"start":{"line":6,"column":48},"end":{"line":30,"column":1}}},"1":{"name":"(anonymous_1)","decl":{"start":{"line":15,"column":24},"end":{"line":15,"column":25}},"loc":{"start":{"line":15,"column":35},"end":{"line":27,"column":5}}},"2":{"name":"(anonymous_2)","decl":{"start":{"line":17,"column":31},"end":{"line":17,"column":32}},"loc":{"start":{"line":17,"column":50},"end":{"line":21,"column":9}}},"3":{"name":"(anonymous_3)","decl":{"start":{"line":23,"column":42},"end":{"line":23,"column":43}},"loc":{"start":{"line":23,"column":71},"end":{"line":25,"column":9}}},"4":{"name":"getIOInstance","decl":{"start":{"line":32,"column":16},"end":{"line":32,"column":29}},"loc":{"start":{"line":32,"column":29},"end":{"line":34,"column":1}}}},"branchMap":{},"s":{"0":3,"1":3,"2":3,"3":0,"4":0,"5":0,"6":0,"7":0,"8":0,"9":0,"10":0,"11":0},"f":{"0":0,"1":0,"2":0,"3":0,"4":0},"b":{}}
,"C:\\Users\\User\\Documents\\CodeClimate\\TEAM6-DENSY\\server\\src\\tests\\_mocks_\\defect.mock.ts": {"path":"C:\\Users\\User\\Documents\\CodeClimate\\TEAM6-DENSY\\server\\src\\tests\\_mocks_\\defect.mock.ts","statementMap":{"0":{"start":{"line":1,"column":0},"end":{"line":1,"column":34}},"1":{"start":{"line":3,"column":13},"end":{"line":269,"column":null}},"2":{"start":{"line":271,"column":13},"end":{"line":282,"column":2}},"3":{"start":{"line":284,"column":13},"end":{"line":413,"column":2}},"4":{"start":{"line":415,"column":13},"end":{"line":479,"column":2}},"5":{"start":{"line":481,"column":13},"end":{"line":532,"column":2}},"6":{"start":{"line":534,"column":13},"end":{"line":583,"column":2}}},"fnMap":{},"branchMap":{},"s":{"0":1,"1":1,"2":1,"3":1,"4":1,"5":1,"6":1},"f":{},"b":{}}
,"C:\\Users\\User\\Documents\\CodeClimate\\TEAM6-DENSY\\server\\src\\tests\\_mocks_\\location.mock.ts": {"path":"C:\\Users\\User\\Documents\\CodeClimate\\TEAM6-DENSY\\server\\src\\tests\\_mocks_\\location.mock.ts","statementMap":{"0":{"start":{"line":1,"column":13},"end":{"line":29,"column":2}},"1":{"start":{"line":31,"column":13},"end":{"line":108,"column":2}},"2":{"start":{"line":110,"column":13},"end":{"line":133,"column":2}},"3":{"start":{"line":135,"column":13},"end":{"line":601,"column":2}}},"fnMap":{},"branchMap":{},"s":{"0":1,"1":1,"2":1,"3":1},"f":{},"b":{}}
,"C:\\Users\\User\\Documents\\CodeClimate\\TEAM6-DENSY\\server\\src\\tests\\_mocks_\\patrol.mock.ts": {"path":"C:\\Users\\User\\Documents\\CodeClimate\\TEAM6-DENSY\\server\\src\\tests\\_mocks_\\patrol.mock.ts","statementMap":{"0":{"start":{"line":2,"column":13},"end":{"line":268,"column":2}},"1":{"start":{"line":270,"column":13},"end":{"line":419,"column":2}},"2":{"start":{"line":421,"column":13},"end":{"line":467,"column":2}},"3":{"start":{"line":469,"column":13},"end":{"line":629,"column":2}},"4":{"start":{"line":631,"column":13},"end":{"line":661,"column":2}},"5":{"start":{"line":663,"column":13},"end":{"line":1000,"column":2}},"6":{"start":{"line":1002,"column":13},"end":{"line":1301,"column":2}},"7":{"start":{"line":1303,"column":13},"end":{"line":1588,"column":2}},"8":{"start":{"line":1590,"column":13},"end":{"line":1802,"column":2}}},"fnMap":{},"branchMap":{},"s":{"0":1,"1":1,"2":1,"3":1,"4":1,"5":1,"6":1,"7":1,"8":1},"f":{},"b":{}}
,"C:\\Users\\User\\Documents\\CodeClimate\\TEAM6-DENSY\\server\\src\\tests\\_mocks_\\preset.mock.ts": {"path":"C:\\Users\\User\\Documents\\CodeClimate\\TEAM6-DENSY\\server\\src\\tests\\_mocks_\\preset.mock.ts","statementMap":{"0":{"start":{"line":1,"column":13},"end":{"line":103,"column":null}},"1":{"start":{"line":105,"column":13},"end":{"line":670,"column":null}},"2":{"start":{"line":671,"column":13},"end":{"line":1320,"column":null}},"3":{"start":{"line":1322,"column":13},"end":{"line":1391,"column":null}},"4":{"start":{"line":1393,"column":13},"end":{"line":1700,"column":null}},"5":{"start":{"line":1702,"column":13},"end":{"line":2045,"column":null}},"6":{"start":{"line":2047,"column":13},"end":{"line":2512,"column":null}},"7":{"start":{"line":2514,"column":13},"end":{"line":2524,"column":null}},"8":{"start":{"line":2526,"column":13},"end":{"line":2991,"column":null}},"9":{"start":{"line":2993,"column":13},"end":{"line":3003,"column":null}}},"fnMap":{},"branchMap":{},"s":{"0":1,"1":1,"2":1,"3":1,"4":1,"5":1,"6":1,"7":1,"8":1,"9":1},"f":{},"b":{}}
,"C:\\Users\\User\\Documents\\CodeClimate\\TEAM6-DENSY\\server\\src\\tests\\_mocks_\\user.mock.ts": {"path":"C:\\Users\\User\\Documents\\CodeClimate\\TEAM6-DENSY\\server\\src\\tests\\_mocks_\\user.mock.ts","statementMap":{"0":{"start":{"line":1,"column":13},"end":{"line":9,"column":null}},"1":{"start":{"line":11,"column":13},"end":{"line":257,"column":null}},"2":{"start":{"line":260,"column":13},"end":{"line":279,"column":null}},"3":{"start":{"line":281,"column":13},"end":{"line":283,"column":null}},"4":{"start":{"line":285,"column":13},"end":{"line":290,"column":null}},"5":{"start":{"line":292,"column":13},"end":{"line":297,"column":null}},"6":{"start":{"line":299,"column":13},"end":{"line":307,"column":null}}},"fnMap":{},"branchMap":{},"s":{"0":1,"1":1,"2":1,"3":1,"4":1,"5":1,"6":1},"f":{},"b":{}}
,"C:\\Users\\User\\Documents\\CodeClimate\\TEAM6-DENSY\\server\\src\\tests\\_mocks_\\util.mock.ts": {"path":"C:\\Users\\User\\Documents\\CodeClimate\\TEAM6-DENSY\\server\\src\\tests\\_mocks_\\util.mock.ts","statementMap":{"0":{"start":{"line":1,"column":13},"end":{"line":10,"column":2}},"1":{"start":{"line":12,"column":13},"end":{"line":12,"column":59}},"2":{"start":{"line":14,"column":13},"end":{"line":42,"column":2}},"3":{"start":{"line":44,"column":13},"end":{"line":52,"column":2}},"4":{"start":{"line":54,"column":13},"end":{"line":56,"column":2}},"5":{"start":{"line":58,"column":13},"end":{"line":66,"column":2}}},"fnMap":{},"branchMap":{},"s":{"0":1,"1":1,"2":1,"3":1,"4":1,"5":1},"f":{},"b":{}}
}
