TN:
SF:src\Controllers\defect-controller.ts
FN:17,createDefect
FN:67,(anonymous_2)
FN:199,getDefect
FN:283,getAllDefects
FN:312,(anonymous_5)
FN:338,mapSearchToStatus
FN:357,mapSearchToType
FN:487,getUploadsPath
FN:503,updateDefect
FN:534,(anonymous_10)
FN:540,(anonymous_11)
FN:566,(anonymous_12)
FN:567,(anonymous_13)
FN:753,deleteDefect
FN:774,(anonymous_15)
FN:840,getAllComments
FN:886,mapSearchToStatus
FN:1017,confirmComment
FNF:18
FNH:8
FNDA:1,createDefect
FNDA:1,(anonymous_2)
FNDA:1,getDefect
FNDA:1,getAllDefects
FNDA:0,(anonymous_5)
FNDA:0,mapSearchToStatus
FNDA:0,mapSearchToType
FNDA:1,getUploadsPath
FNDA:1,updateDefect
FNDA:0,(anonymous_10)
FNDA:0,(anonymous_11)
FNDA:0,(anonymous_12)
FNDA:0,(anonymous_13)
FNDA:0,deleteDefect
FNDA:0,(anonymous_15)
FNDA:1,getAllComments
FNDA:0,mapSearchToStatus
FNDA:1,confirmComment
DA:1,1
DA:3,1
DA:4,1
DA:5,1
DA:6,1
DA:17,1
DA:18,1
DA:19,1
DA:27,1
DA:28,1
DA:30,1
DA:45,1
DA:46,0
DA:52,0
DA:55,1
DA:67,1
DA:68,1
DA:69,1
DA:75,1
DA:76,0
DA:77,0
DA:80,1
DA:87,1
DA:89,0
DA:92,1
DA:93,1
DA:94,1
DA:95,1
DA:96,1
DA:103,1
DA:104,1
DA:113,0
DA:115,1
DA:116,1
DA:118,1
DA:125,1
DA:186,1
DA:188,0
DA:199,1
DA:200,1
DA:201,1
DA:203,1
DA:262,1
DA:263,0
DA:264,0
DA:267,1
DA:269,1
DA:270,1
DA:272,0
DA:273,0
DA:283,1
DA:284,1
DA:285,1
DA:286,1
DA:288,1
DA:300,1
DA:303,1
DA:304,0
DA:310,1
DA:311,0
DA:312,0
DA:314,0
DA:318,1
DA:319,0
DA:320,0
DA:322,0
DA:323,0
DA:330,0
DA:335,1
DA:336,0
DA:339,0
DA:342,0
DA:343,0
DA:344,0
DA:345,0
DA:346,0
DA:347,0
DA:348,0
DA:349,0
DA:350,0
DA:351,0
DA:354,0
DA:358,0
DA:361,0
DA:362,0
DA:363,0
DA:364,0
DA:365,0
DA:366,0
DA:370,0
DA:373,0
DA:374,0
DA:376,0
DA:378,0
DA:379,0
DA:383,0
DA:384,0
DA:388,0
DA:389,0
DA:393,0
DA:399,0
DA:410,0
DA:411,0
DA:416,1
DA:417,0
DA:420,1
DA:478,1
DA:479,1
DA:480,1
DA:482,0
DA:483,0
DA:488,1
DA:489,1
DA:492,1
DA:503,1
DA:504,1
DA:505,1
DA:515,1
DA:516,1
DA:518,1
DA:521,1
DA:522,0
DA:523,0
DA:526,1
DA:527,0
DA:532,0
DA:534,0
DA:539,0
DA:540,0
DA:542,0
DA:547,0
DA:548,0
DA:549,0
DA:550,0
DA:552,0
DA:555,0
DA:558,0
DA:563,0
DA:565,0
DA:566,0
DA:567,0
DA:569,0
DA:574,0
DA:575,0
DA:576,0
DA:577,0
DA:579,0
DA:584,0
DA:591,0
DA:596,0
DA:597,0
DA:603,0
DA:612,1
DA:614,1
DA:615,1
DA:616,1
DA:617,1
DA:619,1
DA:620,0
DA:623,1
DA:624,0
DA:628,1
DA:633,1
DA:634,1
DA:635,1
DA:636,1
DA:638,1
DA:639,0
DA:641,0
DA:642,0
DA:643,1
DA:644,0
DA:645,0
DA:646,0
DA:647,0
DA:648,1
DA:649,0
DA:650,0
DA:651,0
DA:652,0
DA:653,1
DA:654,0
DA:655,0
DA:656,0
DA:657,0
DA:660,1
DA:661,0
DA:669,1
DA:740,1
DA:742,0
DA:753,1
DA:754,0
DA:755,0
DA:757,0
DA:759,0
DA:765,0
DA:766,0
DA:767,0
DA:769,0
DA:774,0
DA:776,0
DA:781,0
DA:782,0
DA:783,0
DA:784,0
DA:786,0
DA:790,0
DA:793,0
DA:797,0
DA:812,0
DA:813,0
DA:816,0
DA:819,0
DA:824,0
DA:825,0
DA:827,0
DA:828,0
DA:840,1
DA:841,1
DA:842,1
DA:843,1
DA:845,1
DA:857,1
DA:860,1
DA:861,0
DA:862,0
DA:866,1
DA:867,0
DA:868,0
DA:870,0
DA:871,0
DA:878,0
DA:883,1
DA:884,0
DA:887,0
DA:890,0
DA:891,0
DA:892,0
DA:893,0
DA:896,0
DA:899,0
DA:901,0
DA:903,0
DA:904,0
DA:908,0
DA:909,0
DA:912,0
DA:918,0
DA:928,0
DA:940,0
DA:953,0
DA:954,0
DA:959,1
DA:960,0
DA:965,1
DA:1002,1
DA:1003,1
DA:1004,1
DA:1006,0
DA:1007,0
DA:1017,1
DA:1018,1
DA:1019,1
DA:1021,1
DA:1030,1
DA:1069,1
DA:1070,1
DA:1077,1
DA:1078,1
DA:1080,0
DA:1081,0
LF:271
LH:108
BRDA:45,0,0,0
BRDA:75,1,0,0
BRDA:93,2,0,1
BRDA:93,2,1,0
BRDA:103,3,0,1
BRDA:262,4,0,0
BRDA:303,5,0,0
BRDA:310,6,0,0
BRDA:318,7,0,0
BRDA:318,8,0,1
BRDA:318,8,1,0
BRDA:322,9,0,0
BRDA:322,9,1,0
BRDA:322,10,0,0
BRDA:322,10,1,0
BRDA:335,11,0,0
BRDA:342,12,0,0
BRDA:342,12,1,0
BRDA:344,13,0,0
BRDA:344,13,1,0
BRDA:346,14,0,0
BRDA:346,14,1,0
BRDA:348,15,0,0
BRDA:348,15,1,0
BRDA:350,16,0,0
BRDA:361,17,0,0
BRDA:361,17,1,0
BRDA:363,18,0,0
BRDA:363,18,1,0
BRDA:365,19,0,0
BRDA:378,20,0,0
BRDA:383,21,0,0
BRDA:388,22,0,0
BRDA:410,23,0,0
BRDA:416,24,0,0
BRDA:521,25,0,0
BRDA:526,26,0,0
BRDA:539,27,0,0
BRDA:563,28,0,0
BRDA:563,29,0,0
BRDA:563,29,1,0
BRDA:600,30,0,0
BRDA:600,30,1,0
BRDA:614,31,0,0
BRDA:615,32,0,0
BRDA:616,33,0,0
BRDA:617,34,0,0
BRDA:619,35,0,0
BRDA:623,36,0,0
BRDA:638,37,0,0
BRDA:638,37,1,1
BRDA:643,38,0,0
BRDA:643,38,1,1
BRDA:648,39,0,0
BRDA:648,39,1,1
BRDA:653,40,0,0
BRDA:660,41,0,0
BRDA:765,42,0,0
BRDA:812,43,0,0
BRDA:860,44,0,0
BRDA:866,45,0,0
BRDA:866,46,0,1
BRDA:866,46,1,0
BRDA:870,47,0,0
BRDA:870,47,1,0
BRDA:870,48,0,0
BRDA:870,48,1,0
BRDA:883,49,0,0
BRDA:890,50,0,0
BRDA:890,50,1,0
BRDA:892,51,0,0
BRDA:903,52,0,0
BRDA:908,53,0,0
BRDA:953,54,0,0
BRDA:959,55,0,0
BRF:75
BRH:7
end_of_record
TN:
SF:src\Controllers\location-controller.ts
FN:12,getZone
FN:49,getAllZone
FN:77,getLocation
FN:128,updateSupervisor
FNF:4
FNH:4
FNDA:1,getZone
FNDA:1,getAllZone
FNDA:1,getLocation
FNDA:1,updateSupervisor
DA:1,1
DA:3,1
DA:12,1
DA:13,1
DA:14,1
DA:15,1
DA:35,1
DA:36,0
DA:37,0
DA:39,1
DA:41,1
DA:42,1
DA:44,0
DA:45,0
DA:49,1
DA:50,1
DA:51,1
DA:57,1
DA:58,0
DA:59,0
DA:61,1
DA:63,1
DA:64,1
DA:66,0
DA:67,0
DA:77,1
DA:78,1
DA:79,1
DA:80,1
DA:105,1
DA:106,0
DA:107,0
DA:110,1
DA:112,1
DA:113,1
DA:115,0
DA:116,0
DA:128,1
DA:129,1
DA:130,1
DA:131,1
DA:133,1
DA:137,1
DA:138,0
DA:145,1
DA:152,1
DA:175,1
DA:176,1
DA:183,1
DA:184,1
DA:186,0
DA:187,0
LF:52
LH:37
BRDA:35,0,0,0
BRDA:57,1,0,0
BRDA:105,2,0,0
BRDA:137,3,0,0
BRDA:137,4,0,1
BRDA:137,4,1,1
BRDA:148,5,0,1
BRDA:148,5,1,0
BRF:8
BRH:3
end_of_record
TN:
SF:src\Controllers\patrol-controller.ts
FN:15,getPatrol
FN:140,getAllPatrols
FN:158,(anonymous_3)
FN:193,mapSearchToStatus
FN:314,(anonymous_5)
FN:327,(anonymous_6)
FN:329,(anonymous_7)
FN:330,(anonymous_8)
FN:338,(anonymous_9)
FN:355,getPatrolUser
FN:385,(anonymous_11)
FN:390,(anonymous_12)
FN:391,(anonymous_13)
FN:412,createPatrol
FN:530,(anonymous_15)
FN:532,(anonymous_16)
FN:540,(anonymous_17)
FN:566,startPatrol
FN:572,(anonymous_19)
FN:737,finishPatrol
FN:743,(anonymous_21)
FN:902,removePatrol
FN:941,getAllPatrolDefects
FN:1105,commentPatrol
FN:1169,checkAndUpdatePendingPatrols
FN:1210,schedulePatrolStatusUpdate
FN:1216,(anonymous_27)
FN:1228,(anonymous_28)
FNF:28
FNH:20
FNDA:1,getPatrol
FNDA:1,getAllPatrols
FNDA:1,(anonymous_3)
FNDA:0,mapSearchToStatus
FNDA:1,(anonymous_5)
FNDA:2,(anonymous_6)
FNDA:4,(anonymous_7)
FNDA:8,(anonymous_8)
FNDA:1,(anonymous_9)
FNDA:0,getPatrolUser
FNDA:0,(anonymous_11)
FNDA:0,(anonymous_12)
FNDA:0,(anonymous_13)
FNDA:1,createPatrol
FNDA:2,(anonymous_15)
FNDA:5,(anonymous_16)
FNDA:1,(anonymous_17)
FNDA:1,startPatrol
FNDA:1,(anonymous_19)
FNDA:1,finishPatrol
FNDA:1,(anonymous_21)
FNDA:1,removePatrol
FNDA:1,getAllPatrolDefects
FNDA:1,commentPatrol
FNDA:0,checkAndUpdatePendingPatrols
FNDA:0,schedulePatrolStatusUpdate
FNDA:0,(anonymous_27)
FNDA:1,(anonymous_28)
DA:1,1
DA:3,1
DA:4,1
DA:15,1
DA:16,1
DA:17,1
DA:18,1
DA:20,1
DA:21,1
DA:24,1
DA:119,1
DA:120,0
DA:121,0
DA:123,1
DA:125,1
DA:126,1
DA:128,0
DA:129,0
DA:140,1
DA:141,1
DA:142,1
DA:143,1
DA:145,1
DA:153,1
DA:156,1
DA:157,1
DA:158,1
DA:160,1
DA:164,1
DA:165,0
DA:173,1
DA:174,0
DA:175,0
DA:177,0
DA:178,0
DA:185,0
DA:190,1
DA:191,0
DA:194,0
DA:197,0
DA:198,0
DA:199,0
DA:200,0
DA:201,0
DA:202,0
DA:203,0
DA:204,0
DA:208,0
DA:211,0
DA:213,0
DA:215,0
DA:216,0
DA:220,0
DA:221,0
DA:225,0
DA:233,0
DA:248,0
DA:249,0
DA:254,1
DA:255,1
DA:261,1
DA:312,1
DA:314,1
DA:315,1
DA:316,1
DA:326,1
DA:327,1
DA:329,2
DA:330,4
DA:331,8
DA:334,2
DA:337,2
DA:338,2
DA:339,2
DA:345,1
DA:347,1
DA:348,1
DA:350,0
DA:351,0
DA:355,1
DA:356,0
DA:357,0
DA:359,0
DA:384,0
DA:385,0
DA:386,0
DA:390,0
DA:391,0
DA:394,0
DA:395,0
DA:397,0
DA:398,0
DA:412,1
DA:413,1
DA:414,1
DA:416,1
DA:417,0
DA:418,0
DA:421,1
DA:422,1
DA:423,1
DA:424,1
DA:427,1
DA:429,1
DA:437,1
DA:439,1
DA:440,2
DA:442,2
DA:443,0
DA:446,2
DA:454,2
DA:455,1
DA:456,1
DA:463,1
DA:468,1
DA:518,1
DA:520,1
DA:530,1
DA:532,2
DA:533,5
DA:537,2
DA:538,2
DA:540,1
DA:542,1
DA:547,1
DA:551,0
DA:566,1
DA:567,1
DA:568,1
DA:569,1
DA:570,1
DA:572,1
DA:573,1
DA:576,1
DA:577,0
DA:581,0
DA:584,1
DA:585,0
DA:586,0
DA:589,1
DA:599,1
DA:601,1
DA:602,2
DA:604,2
DA:605,5
DA:606,11
DA:614,11
DA:615,2
DA:616,2
DA:623,2
DA:629,1
DA:715,1
DA:716,1
DA:717,1
DA:719,0
DA:720,0
DA:737,1
DA:738,1
DA:739,1
DA:740,1
DA:741,1
DA:743,1
DA:744,1
DA:747,1
DA:748,0
DA:752,0
DA:755,1
DA:756,0
DA:757,0
DA:760,1
DA:761,0
DA:762,0
DA:764,1
DA:766,1
DA:777,1
DA:858,1
DA:859,8
DA:861,8
DA:871,1
DA:872,1
DA:873,2
DA:875,2
DA:876,1
DA:877,1
DA:883,1
DA:887,1
DA:888,1
DA:889,1
DA:891,0
DA:892,0
DA:902,1
DA:903,1
DA:904,1
DA:906,1
DA:912,1
DA:918,1
DA:924,1
DA:927,1
DA:929,0
DA:930,0
DA:941,1
DA:942,1
DA:943,1
DA:945,1
DA:946,1
DA:947,1
DA:958,1
DA:959,0
DA:962,0
DA:965,1
DA:1018,1
DA:1019,1
DA:1020,1
DA:1024,0
DA:1087,0
DA:1088,0
DA:1089,0
DA:1092,0
DA:1093,0
DA:1105,1
DA:1106,1
DA:1107,1
DA:1108,1
DA:1110,1
DA:1113,1
DA:1114,0
DA:1115,0
DA:1119,1
DA:1129,1
DA:1130,0
DA:1131,0
DA:1135,1
DA:1153,1
DA:1154,1
DA:1155,1
DA:1157,0
DA:1158,0
DA:1159,0
DA:1169,1
DA:1170,0
DA:1171,0
DA:1177,0
DA:1178,0
DA:1180,0
DA:1181,0
DA:1182,0
DA:1184,0
DA:1185,0
DA:1186,0
DA:1195,0
DA:1200,0
DA:1210,1
DA:1211,0
DA:1212,0
DA:1213,0
DA:1214,0
DA:1216,0
DA:1217,0
DA:1218,0
DA:1228,1
DA:1230,1
DA:1233,1
DA:1236,1
DA:1239,1
DA:1240,1
DA:1241,1
DA:1244,1
LF:267
LH:168
BRDA:34,0,0,1
BRDA:34,0,1,0
BRDA:91,1,0,1
BRDA:91,1,1,0
BRDA:119,2,0,0
BRDA:156,3,0,1
BRDA:164,4,0,0
BRDA:173,5,0,0
BRDA:173,6,0,1
BRDA:173,6,1,0
BRDA:177,7,0,0
BRDA:177,7,1,0
BRDA:177,8,0,0
BRDA:177,8,1,0
BRDA:190,9,0,0
BRDA:197,10,0,0
BRDA:197,10,1,0
BRDA:199,11,0,0
BRDA:199,11,1,0
BRDA:201,12,0,0
BRDA:201,12,1,0
BRDA:203,13,0,0
BRDA:215,14,0,0
BRDA:220,15,0,0
BRDA:248,16,0,0
BRDA:254,17,0,1
BRDA:315,18,0,1
BRDA:338,19,0,2
BRDA:338,20,0,2
BRDA:338,20,1,2
BRDA:416,21,0,0
BRDA:416,22,0,1
BRDA:416,22,1,1
BRDA:416,22,2,1
BRDA:427,23,0,0
BRDA:427,23,1,1
BRDA:442,24,0,0
BRDA:442,25,0,2
BRDA:442,25,1,2
BRDA:454,26,0,1
BRDA:518,27,0,1
BRDA:538,28,0,1
BRDA:539,29,0,2
BRDA:539,29,1,2
BRDA:576,30,0,0
BRDA:584,31,0,0
BRDA:584,32,0,1
BRDA:584,32,1,1
BRDA:584,32,2,1
BRDA:614,33,0,2
BRDA:747,34,0,0
BRDA:755,35,0,0
BRDA:755,36,0,1
BRDA:755,36,1,1
BRDA:760,37,0,0
BRDA:875,38,0,1
BRDA:945,39,0,1
BRDA:945,39,1,0
BRDA:958,40,0,0
BRDA:1113,41,0,0
BRDA:1113,42,0,1
BRDA:1113,42,1,1
BRDA:1129,43,0,0
BRDA:1184,44,0,0
BRF:64
BRH:30
end_of_record
TN:
SF:src\Controllers\preset-controller.ts
FN:16,createPreset
FN:69,updatePreset
FN:133,updateChecklist
FN:235,getPreset
FN:288,getAllPresets
FN:332,(anonymous_6)
FN:333,(anonymous_7)
FN:334,(anonymous_8)
FN:335,(anonymous_9)
FN:344,(anonymous_10)
FN:368,removePreset
FN:412,getChecklist
FN:470,(anonymous_13)
FN:488,getAllChecklists
FN:589,(anonymous_15)
FN:595,(anonymous_16)
FN:622,(anonymous_17)
FN:624,(anonymous_18)
FN:632,(anonymous_19)
FN:633,(anonymous_20)
FN:635,(anonymous_21)
FN:639,(anonymous_22)
FN:679,createChecklist
FN:774,removeChecklist
FNF:24
FNH:24
FNDA:1,createPreset
FNDA:1,updatePreset
FNDA:1,updateChecklist
FNDA:1,getPreset
FNDA:1,getAllPresets
FNDA:4,(anonymous_6)
FNDA:10,(anonymous_7)
FNDA:24,(anonymous_8)
FNDA:44,(anonymous_9)
FNDA:44,(anonymous_10)
FNDA:1,removePreset
FNDA:1,getChecklist
FNDA:3,(anonymous_13)
FNDA:1,getAllChecklists
FNDA:3,(anonymous_15)
FNDA:3,(anonymous_16)
FNDA:3,(anonymous_17)
FNDA:5,(anonymous_18)
FNDA:5,(anonymous_19)
FNDA:11,(anonymous_20)
FNDA:11,(anonymous_21)
FNDA:5,(anonymous_22)
FNDA:1,createChecklist
FNDA:1,removeChecklist
DA:1,1
DA:16,1
DA:17,1
DA:18,1
DA:19,1
DA:20,1
DA:22,1
DA:23,0
DA:24,0
DA:27,1
DA:38,1
DA:39,3
DA:47,1
DA:51,0
DA:52,0
DA:69,1
DA:70,1
DA:71,1
DA:72,1
DA:73,1
DA:74,1
DA:76,1
DA:77,0
DA:78,0
DA:81,1
DA:85,1
DA:86,0
DA:87,0
DA:90,1
DA:95,1
DA:106,1
DA:107,3
DA:115,1
DA:119,0
DA:133,1
DA:134,1
DA:135,1
DA:136,1
DA:137,1
DA:140,1
DA:141,0
DA:142,0
DA:145,1
DA:149,1
DA:150,0
DA:151,0
DA:154,1
DA:155,1
DA:156,1
DA:160,1
DA:161,1
DA:167,1
DA:177,1
DA:178,2
DA:181,2
DA:190,2
DA:191,4
DA:195,4
DA:196,0
DA:197,0
DA:201,4
DA:210,1
DA:215,0
DA:220,0
DA:225,0
DA:235,1
DA:236,1
DA:237,1
DA:238,1
DA:271,1
DA:272,0
DA:273,0
DA:275,1
DA:276,1
DA:278,0
DA:288,1
DA:289,1
DA:290,1
DA:291,1
DA:292,0
DA:294,1
DA:327,1
DA:328,0
DA:329,0
DA:332,1
DA:333,4
DA:334,10
DA:335,44
DA:343,4
DA:344,44
DA:347,4
DA:356,1
DA:358,0
DA:368,1
DA:369,1
DA:370,1
DA:371,1
DA:372,0
DA:373,0
DA:377,1
DA:381,1
DA:382,0
DA:386,0
DA:390,1
DA:395,1
DA:399,1
DA:401,0
DA:412,1
DA:413,1
DA:414,1
DA:417,1
DA:420,1
DA:462,1
DA:463,0
DA:464,0
DA:468,1
DA:470,3
DA:475,1
DA:477,0
DA:478,0
DA:488,1
DA:489,1
DA:491,1
DA:494,1
DA:499,1
DA:500,0
DA:516,1
DA:517,0
DA:518,0
DA:519,0
DA:521,0
DA:522,0
DA:527,1
DA:528,0
DA:535,1
DA:576,1
DA:577,0
DA:578,0
DA:582,1
DA:589,1
DA:590,3
DA:591,3
DA:595,1
DA:596,3
DA:606,3
DA:614,3
DA:621,1
DA:623,3
DA:625,5
DA:626,5
DA:631,3
DA:633,11
DA:635,11
DA:637,3
DA:639,5
DA:641,3
DA:659,1
DA:661,0
DA:662,0
DA:679,1
DA:680,1
DA:681,1
DA:684,1
DA:687,1
DA:688,0
DA:689,0
DA:692,1
DA:693,0
DA:694,0
DA:698,1
DA:702,1
DA:703,0
DA:706,0
DA:709,1
DA:710,1
DA:715,1
DA:726,1
DA:727,2
DA:730,2
DA:739,2
DA:740,4
DA:744,4
DA:745,0
DA:746,0
DA:750,4
DA:759,1
DA:764,0
DA:765,0
DA:774,1
DA:775,1
DA:776,1
DA:777,1
DA:781,1
DA:782,0
DA:783,0
DA:786,1
DA:793,1
DA:796,1
DA:798,0
DA:799,0
LF:200
LH:141
BRDA:22,0,0,0
BRDA:22,1,0,1
BRDA:22,1,1,1
BRDA:22,1,2,1
BRDA:22,1,3,1
BRDA:76,2,0,0
BRDA:76,3,0,1
BRDA:76,3,1,1
BRDA:76,3,2,1
BRDA:76,3,3,1
BRDA:76,3,4,1
BRDA:85,4,0,0
BRDA:140,5,0,0
BRDA:140,6,0,1
BRDA:140,6,1,1
BRDA:149,7,0,0
BRDA:154,8,0,1
BRDA:154,8,1,0
BRDA:160,9,0,1
BRDA:160,9,1,0
BRDA:195,10,0,0
BRDA:271,11,0,0
BRDA:291,12,0,0
BRDA:291,13,0,1
BRDA:291,13,1,0
BRDA:295,14,0,1
BRDA:295,14,1,0
BRDA:327,15,0,0
BRDA:371,16,0,0
BRDA:381,17,0,0
BRDA:435,18,0,0
BRDA:435,18,1,1
BRDA:462,19,0,0
BRDA:499,20,0,0
BRDA:516,21,0,0
BRDA:516,22,0,1
BRDA:516,22,1,1
BRDA:518,23,0,0
BRDA:521,24,0,0
BRDA:527,25,0,0
BRDA:576,26,0,0
BRDA:590,27,0,3
BRDA:590,27,1,3
BRDA:606,28,0,0
BRDA:606,28,1,3
BRDA:615,29,0,3
BRDA:615,29,1,3
BRDA:615,29,2,3
BRDA:625,30,0,5
BRDA:625,30,1,5
BRDA:649,31,0,3
BRDA:649,31,1,3
BRDA:653,32,0,3
BRDA:653,32,1,0
BRDA:687,33,0,0
BRDA:692,34,0,0
BRDA:692,35,0,1
BRDA:692,35,1,1
BRDA:702,36,0,0
BRDA:744,37,0,0
BRDA:781,38,0,0
BRF:61
BRH:31
end_of_record
TN:
SF:src\Controllers\user-controller.ts
FN:15,createUser
FN:81,updateProfile
FN:103,getUploadsPath
FN:163,getUser
FN:243,getAllUsers
FN:296,updateUser
FN:359,removeUser
FNF:7
FNH:7
FNDA:1,createUser
FNDA:1,updateProfile
FNDA:1,getUploadsPath
FNDA:1,getUser
FNDA:1,getAllUsers
FNDA:1,updateUser
FNDA:1,removeUser
DA:1,1
DA:2,1
DA:3,1
DA:4,1
DA:5,1
DA:6,1
DA:15,1
DA:16,1
DA:17,1
DA:18,1
DA:20,1
DA:26,1
DA:27,1
DA:28,0
DA:29,0
DA:32,1
DA:42,1
DA:51,1
DA:64,1
DA:65,1
DA:66,1
DA:68,0
DA:69,0
DA:81,1
DA:82,1
DA:83,1
DA:84,1
DA:87,1
DA:98,1
DA:99,0
DA:100,0
DA:104,1
DA:105,1
DA:108,1
DA:111,1
DA:112,0
DA:113,0
DA:114,0
DA:118,1
DA:119,1
DA:121,0
DA:141,1
DA:148,1
DA:149,1
DA:151,0
DA:152,0
DA:163,1
DA:164,1
DA:165,1
DA:166,1
DA:167,1
DA:169,1
DA:170,1
DA:171,1
DA:172,1
DA:173,1
DA:174,0
DA:177,0
DA:179,1
DA:180,1
DA:201,0
DA:223,1
DA:224,0
DA:225,0
DA:228,1
DA:229,1
DA:230,1
DA:232,0
DA:233,0
DA:243,1
DA:244,1
DA:245,1
DA:246,1
DA:247,1
DA:248,1
DA:250,1
DA:251,1
DA:253,1
DA:274,1
DA:275,1
DA:276,1
DA:277,1
DA:279,0
DA:280,0
DA:283,0
DA:284,0
DA:296,1
DA:297,1
DA:298,1
DA:299,1
DA:300,1
DA:301,1
DA:302,1
DA:303,1
DA:304,1
DA:305,1
DA:306,1
DA:307,1
DA:308,1
DA:309,1
DA:310,1
DA:311,1
DA:312,1
DA:313,1
DA:316,1
DA:317,0
DA:321,0
DA:325,1
DA:330,1
DA:335,1
DA:346,1
DA:347,1
DA:349,0
DA:350,0
DA:359,1
DA:360,1
DA:361,1
DA:363,1
DA:369,1
DA:370,0
DA:371,0
DA:374,1
DA:381,1
DA:382,1
DA:384,0
DA:385,0
LF:126
LH:95
BRDA:26,0,0,1
BRDA:26,0,1,1
BRDA:27,1,0,0
BRDA:35,2,0,1
BRDA:35,2,1,1
BRDA:37,3,0,1
BRDA:37,3,1,0
BRDA:38,4,0,1
BRDA:38,4,1,1
BRDA:84,5,0,1
BRDA:84,5,1,1
BRDA:98,6,0,0
BRDA:111,7,0,0
BRDA:111,8,0,1
BRDA:111,8,1,0
BRDA:113,9,0,0
BRDA:119,10,0,0
BRDA:122,11,0,0
BRDA:122,11,1,0
BRDA:144,12,0,1
BRDA:144,12,1,1
BRDA:173,13,0,0
BRDA:173,14,0,1
BRDA:173,14,1,0
BRDA:173,14,2,0
BRDA:173,14,3,0
BRDA:179,15,0,1
BRDA:179,15,1,0
BRDA:179,16,0,1
BRDA:179,16,1,0
BRDA:186,17,0,0
BRDA:186,17,1,1
BRDA:190,18,0,0
BRDA:190,18,1,1
BRDA:207,19,0,0
BRDA:207,19,1,0
BRDA:211,20,0,0
BRDA:211,20,1,0
BRDA:223,21,0,0
BRDA:251,22,0,0
BRDA:251,22,1,1
BRDA:264,23,0,0
BRDA:264,23,1,1
BRDA:274,24,0,1
BRDA:274,24,1,0
BRDA:305,25,0,1
BRDA:306,26,0,1
BRDA:307,27,0,0
BRDA:308,28,0,1
BRDA:309,29,0,1
BRDA:310,30,0,1
BRDA:311,31,0,1
BRDA:312,32,0,1
BRDA:313,33,0,1
BRDA:316,34,0,0
BRDA:316,35,0,1
BRDA:316,35,1,0
BRDA:369,36,0,0
BRF:58
BRH:29
end_of_record
TN:
SF:src\Controllers\util-controller.ts
FN:23,login
FN:72,logout
FN:96,authenticateUser
FN:125,(anonymous_4)
FN:128,(anonymous_5)
FN:143,getNotifications
FN:165,createNotification
FN:209,updateNotification
FN:229,markAllAsRead
FN:243,markAsRead
FN:278,removeOldNotifications
FN:302,removeNotification
FN:324,removeAllNotifications
FN:357,sendEmail
FN:377,authorzied
FN:378,(anonymous_16)
FNF:16
FNH:10
FNDA:1,login
FNDA:1,logout
FNDA:1,authenticateUser
FNDA:0,(anonymous_4)
FNDA:0,(anonymous_5)
FNDA:1,getNotifications
FNDA:0,createNotification
FNDA:1,updateNotification
FNDA:1,markAllAsRead
FNDA:0,markAsRead
FNDA:1,removeOldNotifications
FNDA:0,removeNotification
FNDA:1,removeAllNotifications
FNDA:0,sendEmail
FNDA:1,authorzied
FNDA:1,(anonymous_16)
DA:1,4
DA:2,4
DA:4,4
DA:5,4
DA:6,4
DA:7,4
DA:23,4
DA:24,1
DA:25,1
DA:27,1
DA:31,1
DA:32,0
DA:33,0
DA:37,1
DA:39,1
DA:40,0
DA:41,0
DA:45,1
DA:46,1
DA:47,1
DA:48,1
DA:49,1
DA:51,1
DA:58,1
DA:59,1
DA:61,0
DA:72,4
DA:73,1
DA:75,1
DA:80,1
DA:81,1
DA:83,0
DA:84,0
DA:96,4
DA:97,1
DA:99,1
DA:100,0
DA:101,0
DA:104,1
DA:105,1
DA:106,1
DA:107,1
DA:108,1
DA:110,0
DA:111,0
DA:124,4
DA:126,0
DA:129,0
DA:130,0
DA:135,4
DA:143,4
DA:144,1
DA:145,1
DA:147,1
DA:151,1
DA:153,1
DA:155,0
DA:165,4
DA:166,0
DA:167,0
DA:178,0
DA:184,0
DA:185,0
DA:186,0
DA:188,0
DA:191,0
DA:194,0
DA:195,0
DA:197,0
DA:199,0
DA:209,4
DA:210,1
DA:211,1
DA:212,1
DA:216,1
DA:218,0
DA:229,4
DA:230,1
DA:231,1
DA:232,1
DA:236,1
DA:238,0
DA:243,4
DA:244,0
DA:245,0
DA:248,0
DA:255,0
DA:256,0
DA:260,0
DA:265,0
DA:267,0
DA:278,4
DA:279,1
DA:280,1
DA:281,1
DA:283,1
DA:291,0
DA:302,4
DA:303,0
DA:304,0
DA:305,0
DA:310,0
DA:311,0
DA:313,0
DA:324,4
DA:325,1
DA:326,1
DA:327,1
DA:332,1
DA:333,1
DA:335,0
DA:340,4
DA:357,4
DA:358,0
DA:359,0
DA:366,0
DA:377,4
DA:378,1
DA:379,1
DA:381,1
DA:382,0
DA:383,0
DA:385,1
LF:123
LH:73
BRDA:31,0,0,0
BRDA:39,1,0,0
BRDA:45,2,0,1
BRDA:45,2,1,1
BRDA:46,3,0,1
BRDA:46,3,1,0
BRDA:53,4,0,0
BRDA:53,4,1,1
BRDA:54,5,0,0
BRDA:54,5,1,1
BRDA:77,6,0,0
BRDA:77,6,1,1
BRDA:78,7,0,0
BRDA:78,7,1,1
BRDA:99,8,0,0
BRDA:105,9,0,1
BRDA:105,9,1,1
BRDA:184,10,0,0
BRDA:255,11,0,0
BRDA:381,12,0,0
BRF:20
BRH:9
end_of_record
TN:
SF:src\Utils\socket.ts
FN:6,initSocketIO
FN:15,(anonymous_1)
FN:17,(anonymous_2)
FN:23,(anonymous_3)
FN:32,getIOInstance
FNF:5
FNH:0
FNDA:0,initSocketIO
FNDA:0,(anonymous_1)
FNDA:0,(anonymous_2)
FNDA:0,(anonymous_3)
FNDA:0,getIOInstance
DA:1,3
DA:6,3
DA:7,0
DA:15,0
DA:17,0
DA:18,0
DA:19,0
DA:23,0
DA:24,0
DA:29,0
DA:32,3
DA:33,0
LF:12
LH:3
BRF:0
BRH:0
end_of_record
TN:
SF:src\tests\_mocks_\defect.mock.ts
FNF:0
FNH:0
DA:1,1
DA:3,1
DA:271,1
DA:284,1
DA:415,1
DA:481,1
DA:534,1
LF:7
LH:7
BRF:0
BRH:0
end_of_record
TN:
SF:src\tests\_mocks_\location.mock.ts
FNF:0
FNH:0
DA:1,1
DA:31,1
DA:110,1
DA:135,1
LF:4
LH:4
BRF:0
BRH:0
end_of_record
TN:
SF:src\tests\_mocks_\patrol.mock.ts
FNF:0
FNH:0
DA:2,1
DA:270,1
DA:421,1
DA:469,1
DA:631,1
DA:663,1
DA:1002,1
DA:1303,1
DA:1590,1
LF:9
LH:9
BRF:0
BRH:0
end_of_record
TN:
SF:src\tests\_mocks_\preset.mock.ts
FNF:0
FNH:0
DA:1,1
DA:105,1
DA:671,1
DA:1322,1
DA:1393,1
DA:1702,1
DA:2047,1
DA:2514,1
DA:2526,1
DA:2993,1
LF:10
LH:10
BRF:0
BRH:0
end_of_record
TN:
SF:src\tests\_mocks_\user.mock.ts
FNF:0
FNH:0
DA:1,1
DA:11,1
DA:260,1
DA:281,1
DA:285,1
DA:292,1
DA:299,1
LF:7
LH:7
BRF:0
BRH:0
end_of_record
TN:
SF:src\tests\_mocks_\util.mock.ts
FNF:0
FNH:0
DA:1,1
DA:12,1
DA:14,1
DA:44,1
DA:54,1
DA:58,1
LF:6
LH:6
BRF:0
BRH:0
end_of_record
